CRITICAL - 2022-03-14 03:45:21 --> The framework needs the following extension(s) installed and loaded: {0}.
#0 C:\xampp\htdocs\popoku\system\CodeIgniter.php(224): CodeIgniter\Exceptions\FrameworkException::forMissingExtension('intl')
#1 C:\xampp\htdocs\popoku\system\CodeIgniter.php(172): CodeIgniter\CodeIgniter->resolvePlatformExtensions()
#2 C:\xampp\htdocs\popoku\system\bootstrap.php(159): CodeIgniter\CodeIgniter->initialize()
#3 C:\xampp\htdocs\popoku\index.php(35): require('C:\\xampp\\htdocs...')
#4 {main}
CRITICAL - 2022-03-14 03:49:06 --> The framework needs the following extension(s) installed and loaded: {0}.
#0 C:\xampp\htdocs\popoku\system\CodeIgniter.php(224): CodeIgniter\Exceptions\FrameworkException::forMissingExtension('intl')
#1 C:\xampp\htdocs\popoku\system\CodeIgniter.php(172): CodeIgniter\CodeIgniter->resolvePlatformExtensions()
#2 C:\xampp\htdocs\popoku\system\bootstrap.php(159): CodeIgniter\CodeIgniter->initialize()
#3 C:\xampp\htdocs\popoku\index.php(35): require('C:\\xampp\\htdocs...')
#4 {main}
CRITICAL - 2022-03-14 03:49:10 --> The framework needs the following extension(s) installed and loaded: {0}.
#0 C:\xampp\htdocs\popoku\system\CodeIgniter.php(224): CodeIgniter\Exceptions\FrameworkException::forMissingExtension('intl')
#1 C:\xampp\htdocs\popoku\system\CodeIgniter.php(172): CodeIgniter\CodeIgniter->resolvePlatformExtensions()
#2 C:\xampp\htdocs\popoku\system\bootstrap.php(159): CodeIgniter\CodeIgniter->initialize()
#3 C:\xampp\htdocs\popoku\index.php(35): require('C:\\xampp\\htdocs...')
#4 {main}
CRITICAL - 2022-03-14 00:36:15 --> You must set the database table to be used with your query.
#0 C:\xampp\htdocs\popoku\system\Model.php(615): CodeIgniter\Database\BaseConnection->table(NULL)
#1 C:\xampp\htdocs\popoku\system\Model.php(834): CodeIgniter\Model->builder()
#2 C:\xampp\htdocs\popoku\app\Controllers\Dashboard.php(25): CodeIgniter\Model->__call('last_query', Array)
#3 C:\xampp\htdocs\popoku\system\CodeIgniter.php(936): App\Controllers\Dashboard->index()
#4 C:\xampp\htdocs\popoku\system\CodeIgniter.php(432): CodeIgniter\CodeIgniter->runController(Object(App\Controllers\Dashboard))
#5 C:\xampp\htdocs\popoku\system\CodeIgniter.php(333): CodeIgniter\CodeIgniter->handleRequest(NULL, Object(Config\Cache), false)
#6 C:\xampp\htdocs\popoku\index.php(44): CodeIgniter\CodeIgniter->run()
#7 {main}
CRITICAL - 2022-03-14 00:51:03 --> Cannot use object of type stdClass as array
#0 C:\xampp\htdocs\popoku\system\View\View.php(220): include()
#1 C:\xampp\htdocs\popoku\system\View\View.php(222): CodeIgniter\View\View->CodeIgniter\View\{closure}()
#2 C:\xampp\htdocs\popoku\system\Common.php(1217): CodeIgniter\View\View->render('admin/dashboard', Array, true)
#3 C:\xampp\htdocs\popoku\app\Controllers\Dashboard.php(32): view('admin/dashboard', Array)
#4 C:\xampp\htdocs\popoku\system\CodeIgniter.php(936): App\Controllers\Dashboard->index()
#5 C:\xampp\htdocs\popoku\system\CodeIgniter.php(432): CodeIgniter\CodeIgniter->runController(Object(App\Controllers\Dashboard))
#6 C:\xampp\htdocs\popoku\system\CodeIgniter.php(333): CodeIgniter\CodeIgniter->handleRequest(NULL, Object(Config\Cache), false)
#7 C:\xampp\htdocs\popoku\index.php(44): CodeIgniter\CodeIgniter->run()
#8 {main}
