CRITICAL - 2021-09-16 23:13:28 --> Request URI segment is out of range: 2
#0 C:\xampp7\htdocs\popoku\system\HTTP\URI.php(512): CodeIgniter\HTTP\Exceptions\HTTPException::forURISegmentOutOfRange(2)
#1 C:\xampp7\htdocs\popoku\app\Views\user\include\header.php(62): CodeIgniter\HTTP\URI->getSegment(2)
#2 C:\xampp7\htdocs\popoku\system\View\View.php(220): include('C:\\xampp7\\htdoc...')
#3 C:\xampp7\htdocs\popoku\system\View\View.php(222): CodeIgniter\View\View->CodeIgniter\View\{closure}()
#4 C:\xampp7\htdocs\popoku\system\Common.php(1217): CodeIgniter\View\View->render('user/include/he...', Array, true)
#5 C:\xampp7\htdocs\popoku\app\Controllers\Userhome.php(23): view('user/include/he...', Array)
#6 C:\xampp7\htdocs\popoku\system\CodeIgniter.php(936): App\Controllers\Userhome->index()
#7 C:\xampp7\htdocs\popoku\system\CodeIgniter.php(432): CodeIgniter\CodeIgniter->runController(Object(App\Controllers\Userhome))
#8 C:\xampp7\htdocs\popoku\system\CodeIgniter.php(333): CodeIgniter\CodeIgniter->handleRequest(NULL, Object(Config\Cache), false)
#9 C:\xampp7\htdocs\popoku\index.php(44): CodeIgniter\CodeIgniter->run()
#10 {main}
CRITICAL - 2021-09-16 23:30:20 --> Class 'App\Controllers\Model_kegiatan' not found
#0 C:\xampp7\htdocs\popoku\system\CodeIgniter.php(936): App\Controllers\Userhome->Kegiatan()
#1 C:\xampp7\htdocs\popoku\system\CodeIgniter.php(432): CodeIgniter\CodeIgniter->runController(Object(App\Controllers\Userhome))
#2 C:\xampp7\htdocs\popoku\system\CodeIgniter.php(333): CodeIgniter\CodeIgniter->handleRequest(NULL, Object(Config\Cache), false)
#3 C:\xampp7\htdocs\popoku\index.php(44): CodeIgniter\CodeIgniter->run()
#4 {main}
CRITICAL - 2021-09-16 23:30:43 --> Invalid argument supplied for foreach()
#0 C:\xampp7\htdocs\popoku\app\Views\user\v_kegiatan\kegiatan.php(33): CodeIgniter\Debug\Exceptions->errorHandler(2, 'Invalid argumen...', 'C:\\xampp7\\htdoc...', 33, Array)
#1 C:\xampp7\htdocs\popoku\system\View\View.php(220): include('C:\\xampp7\\htdoc...')
#2 C:\xampp7\htdocs\popoku\system\View\View.php(222): CodeIgniter\View\View->CodeIgniter\View\{closure}()
#3 C:\xampp7\htdocs\popoku\system\Common.php(1217): CodeIgniter\View\View->render('user/v_kegiatan...', Array, true)
#4 C:\xampp7\htdocs\popoku\app\Controllers\Userhome.php(223): view('user/v_kegiatan...', Array)
#5 C:\xampp7\htdocs\popoku\system\CodeIgniter.php(936): App\Controllers\Userhome->Kegiatan()
#6 C:\xampp7\htdocs\popoku\system\CodeIgniter.php(432): CodeIgniter\CodeIgniter->runController(Object(App\Controllers\Userhome))
#7 C:\xampp7\htdocs\popoku\system\CodeIgniter.php(333): CodeIgniter\CodeIgniter->handleRequest(NULL, Object(Config\Cache), false)
#8 C:\xampp7\htdocs\popoku\index.php(44): CodeIgniter\CodeIgniter->run()
#9 {main}
CRITICAL - 2021-09-16 23:30:43 --> Invalid argument supplied for foreach()
#0 C:\xampp7\htdocs\popoku\app\Views\user\v_kegiatan\kegiatan.php(33): CodeIgniter\Debug\Exceptions->errorHandler(2, 'Invalid argumen...', 'C:\\xampp7\\htdoc...', 33, Array)
#1 C:\xampp7\htdocs\popoku\system\View\View.php(220): include('C:\\xampp7\\htdoc...')
#2 C:\xampp7\htdocs\popoku\system\View\View.php(222): CodeIgniter\View\View->CodeIgniter\View\{closure}()
#3 C:\xampp7\htdocs\popoku\system\Common.php(1217): CodeIgniter\View\View->render('user/v_kegiatan...', Array, true)
#4 C:\xampp7\htdocs\popoku\app\Controllers\Userhome.php(223): view('user/v_kegiatan...', Array)
#5 C:\xampp7\htdocs\popoku\system\CodeIgniter.php(936): App\Controllers\Userhome->Kegiatan()
#6 C:\xampp7\htdocs\popoku\system\CodeIgniter.php(432): CodeIgniter\CodeIgniter->runController(Object(App\Controllers\Userhome))
#7 C:\xampp7\htdocs\popoku\system\CodeIgniter.php(333): CodeIgniter\CodeIgniter->handleRequest(NULL, Object(Config\Cache), false)
#8 C:\xampp7\htdocs\popoku\index.php(44): CodeIgniter\CodeIgniter->run()
#9 {main}
