ERROR - 2021-02-07 10:36:15 --> Error connecting to the database: Access denied for user ''@'localhost' (using password: NO)
CRITICAL - 2021-02-07 10:36:15 --> Unable to connect to the database.
#0 C:\xampp7\htdocs\popoku\system\Database\BaseConnection.php(618): CodeIgniter\Database\BaseConnection->initialize()
#1 C:\xampp7\htdocs\popoku\system\Database\BaseBuilder.php(1866): CodeIgniter\Database\BaseConnection->query('SELECT 1\nFROM `...', Array, false)
#2 C:\xampp7\htdocs\popoku\system\Validation\Rules.php(212): CodeIgniter\Database\BaseBuilder->get()
#3 C:\xampp7\htdocs\popoku\system\Validation\Validation.php(306): CodeIgniter\Validation\Rules->is_unique('a@a.com', 'user_email', Array, NULL)
#4 C:\xampp7\htdocs\popoku\system\Validation\Validation.php(164): CodeIgniter\Validation\Validation->processRules('email', 'email', 'a@a.com', Array, Array)
#5 C:\xampp7\htdocs\popoku\system\Controller.php(181): CodeIgniter\Validation\Validation->run()
#6 C:\xampp7\htdocs\popoku\app\Controllers\Register.php(28): CodeIgniter\Controller->validate(Array)
#7 C:\xampp7\htdocs\popoku\system\CodeIgniter.php(936): App\Controllers\Register->save()
#8 C:\xampp7\htdocs\popoku\system\CodeIgniter.php(432): CodeIgniter\CodeIgniter->runController(Object(App\Controllers\Register))
#9 C:\xampp7\htdocs\popoku\system\CodeIgniter.php(333): CodeIgniter\CodeIgniter->handleRequest(NULL, Object(Config\Cache), false)
#10 C:\xampp7\htdocs\popoku\index.php(44): CodeIgniter\CodeIgniter->run()
#11 {main}
ERROR - 2021-02-07 10:44:56 --> Error connecting to the database: Access denied for user ''@'localhost' (using password: NO)
CRITICAL - 2021-02-07 10:44:56 --> Unable to connect to the database.
#0 C:\xampp7\htdocs\popoku\system\Database\BaseConnection.php(618): CodeIgniter\Database\BaseConnection->initialize()
#1 C:\xampp7\htdocs\popoku\system\Database\BaseBuilder.php(1866): CodeIgniter\Database\BaseConnection->query('SELECT 1\nFROM `...', Array, false)
#2 C:\xampp7\htdocs\popoku\system\Validation\Rules.php(212): CodeIgniter\Database\BaseBuilder->get()
#3 C:\xampp7\htdocs\popoku\system\Validation\Validation.php(306): CodeIgniter\Validation\Rules->is_unique('a@a.com', 'user_email', Array, NULL)
#4 C:\xampp7\htdocs\popoku\system\Validation\Validation.php(164): CodeIgniter\Validation\Validation->processRules('email', 'email', 'a@a.com', Array, Array)
#5 C:\xampp7\htdocs\popoku\system\Controller.php(181): CodeIgniter\Validation\Validation->run()
#6 C:\xampp7\htdocs\popoku\app\Controllers\Register.php(28): CodeIgniter\Controller->validate(Array)
#7 C:\xampp7\htdocs\popoku\system\CodeIgniter.php(936): App\Controllers\Register->save()
#8 C:\xampp7\htdocs\popoku\system\CodeIgniter.php(432): CodeIgniter\CodeIgniter->runController(Object(App\Controllers\Register))
#9 C:\xampp7\htdocs\popoku\system\CodeIgniter.php(333): CodeIgniter\CodeIgniter->handleRequest(NULL, Object(Config\Cache), false)
#10 C:\xampp7\htdocs\popoku\index.php(44): CodeIgniter\CodeIgniter->run()
#11 {main}
ERROR - 2021-02-07 10:46:17 --> Error connecting to the database: Access denied for user ''@'localhost' (using password: NO)
CRITICAL - 2021-02-07 10:46:17 --> Unable to connect to the database.
#0 C:\xampp7\htdocs\popoku\system\Database\BaseConnection.php(618): CodeIgniter\Database\BaseConnection->initialize()
#1 C:\xampp7\htdocs\popoku\system\Database\BaseBuilder.php(1866): CodeIgniter\Database\BaseConnection->query('SELECT 1\nFROM `...', Array, false)
#2 C:\xampp7\htdocs\popoku\system\Validation\Rules.php(212): CodeIgniter\Database\BaseBuilder->get()
#3 C:\xampp7\htdocs\popoku\system\Validation\Validation.php(306): CodeIgniter\Validation\Rules->is_unique('a@a.com', 'user_email', Array, NULL)
#4 C:\xampp7\htdocs\popoku\system\Validation\Validation.php(164): CodeIgniter\Validation\Validation->processRules('email', 'email', 'a@a.com', Array, Array)
#5 C:\xampp7\htdocs\popoku\system\Controller.php(181): CodeIgniter\Validation\Validation->run()
#6 C:\xampp7\htdocs\popoku\app\Controllers\Register.php(28): CodeIgniter\Controller->validate(Array)
#7 C:\xampp7\htdocs\popoku\system\CodeIgniter.php(936): App\Controllers\Register->save()
#8 C:\xampp7\htdocs\popoku\system\CodeIgniter.php(432): CodeIgniter\CodeIgniter->runController(Object(App\Controllers\Register))
#9 C:\xampp7\htdocs\popoku\system\CodeIgniter.php(333): CodeIgniter\CodeIgniter->handleRequest(NULL, Object(Config\Cache), false)
#10 C:\xampp7\htdocs\popoku\index.php(44): CodeIgniter\CodeIgniter->run()
#11 {main}
ERROR - 2021-02-07 10:48:01 --> mysqli_sql_exception: Table 'db_popokku.users' doesn't exist in C:\xampp7\htdocs\popoku\system\Database\MySQLi\Connection.php:314
Stack trace:
#0 C:\xampp7\htdocs\popoku\system\Database\MySQLi\Connection.php(314): mysqli->query('SELECT 1\nFROM `...')
#1 C:\xampp7\htdocs\popoku\system\Database\BaseConnection.php(713): CodeIgniter\Database\MySQLi\Connection->execute('SELECT 1\nFROM `...')
#2 C:\xampp7\htdocs\popoku\system\Database\BaseConnection.php(641): CodeIgniter\Database\BaseConnection->simpleQuery('SELECT 1\nFROM `...')
#3 C:\xampp7\htdocs\popoku\system\Database\BaseBuilder.php(1866): CodeIgniter\Database\BaseConnection->query('SELECT 1\nFROM `...', Array, false)
#4 C:\xampp7\htdocs\popoku\system\Validation\Rules.php(212): CodeIgniter\Database\BaseBuilder->get()
#5 C:\xampp7\htdocs\popoku\system\Validation\Validation.php(306): CodeIgniter\Validation\Rules->is_unique('a@a.com', 'user_email', Array, NULL)
#6 C:\xampp7\htdocs\popoku\system\Validation\Validation.php(164): CodeIgniter\Validation\Validation->processRules('email', 'email', 'a@a.com', Array, Array)
#7 C:\xampp7\htdocs\popoku\system\Controller.php(181): CodeIgniter\Validation\Validation->run()
#8 C:\xampp7\htdocs\popoku\app\Controllers\Register.php(28): CodeIgniter\Controller->validate(Array)
#9 C:\xampp7\htdocs\popoku\system\CodeIgniter.php(936): App\Controllers\Register->save()
#10 C:\xampp7\htdocs\popoku\system\CodeIgniter.php(432): CodeIgniter\CodeIgniter->runController(Object(App\Controllers\Register))
#11 C:\xampp7\htdocs\popoku\system\CodeIgniter.php(333): CodeIgniter\CodeIgniter->handleRequest(NULL, Object(Config\Cache), false)
#12 C:\xampp7\htdocs\popoku\index.php(44): CodeIgniter\CodeIgniter->run()
#13 {main}
ERROR - 2021-02-07 10:48:07 --> mysqli_sql_exception: Table 'db_popokku.users' doesn't exist in C:\xampp7\htdocs\popoku\system\Database\MySQLi\Connection.php:314
Stack trace:
#0 C:\xampp7\htdocs\popoku\system\Database\MySQLi\Connection.php(314): mysqli->query('SELECT 1\nFROM `...')
#1 C:\xampp7\htdocs\popoku\system\Database\BaseConnection.php(713): CodeIgniter\Database\MySQLi\Connection->execute('SELECT 1\nFROM `...')
#2 C:\xampp7\htdocs\popoku\system\Database\BaseConnection.php(641): CodeIgniter\Database\BaseConnection->simpleQuery('SELECT 1\nFROM `...')
#3 C:\xampp7\htdocs\popoku\system\Database\BaseBuilder.php(1866): CodeIgniter\Database\BaseConnection->query('SELECT 1\nFROM `...', Array, false)
#4 C:\xampp7\htdocs\popoku\system\Validation\Rules.php(212): CodeIgniter\Database\BaseBuilder->get()
#5 C:\xampp7\htdocs\popoku\system\Validation\Validation.php(306): CodeIgniter\Validation\Rules->is_unique('a@a.com', 'user_email', Array, NULL)
#6 C:\xampp7\htdocs\popoku\system\Validation\Validation.php(164): CodeIgniter\Validation\Validation->processRules('email', 'email', 'a@a.com', Array, Array)
#7 C:\xampp7\htdocs\popoku\system\Controller.php(181): CodeIgniter\Validation\Validation->run()
#8 C:\xampp7\htdocs\popoku\app\Controllers\Register.php(28): CodeIgniter\Controller->validate(Array)
#9 C:\xampp7\htdocs\popoku\system\CodeIgniter.php(936): App\Controllers\Register->save()
#10 C:\xampp7\htdocs\popoku\system\CodeIgniter.php(432): CodeIgniter\CodeIgniter->runController(Object(App\Controllers\Register))
#11 C:\xampp7\htdocs\popoku\system\CodeIgniter.php(333): CodeIgniter\CodeIgniter->handleRequest(NULL, Object(Config\Cache), false)
#12 C:\xampp7\htdocs\popoku\index.php(44): CodeIgniter\CodeIgniter->run()
#13 {main}
ERROR - 2021-02-07 10:48:46 --> mysqli_sql_exception: Table 'db_popokku.users' doesn't exist in C:\xampp7\htdocs\popoku\system\Database\MySQLi\Connection.php:314
Stack trace:
#0 C:\xampp7\htdocs\popoku\system\Database\MySQLi\Connection.php(314): mysqli->query('SELECT 1\nFROM `...')
#1 C:\xampp7\htdocs\popoku\system\Database\BaseConnection.php(713): CodeIgniter\Database\MySQLi\Connection->execute('SELECT 1\nFROM `...')
#2 C:\xampp7\htdocs\popoku\system\Database\BaseConnection.php(641): CodeIgniter\Database\BaseConnection->simpleQuery('SELECT 1\nFROM `...')
#3 C:\xampp7\htdocs\popoku\system\Database\BaseBuilder.php(1866): CodeIgniter\Database\BaseConnection->query('SELECT 1\nFROM `...', Array, false)
#4 C:\xampp7\htdocs\popoku\system\Validation\Rules.php(212): CodeIgniter\Database\BaseBuilder->get()
#5 C:\xampp7\htdocs\popoku\system\Validation\Validation.php(306): CodeIgniter\Validation\Rules->is_unique('admin@gmail.com', 'user_email', Array, NULL)
#6 C:\xampp7\htdocs\popoku\system\Validation\Validation.php(164): CodeIgniter\Validation\Validation->processRules('email', 'email', 'admin@gmail.com', Array, Array)
#7 C:\xampp7\htdocs\popoku\system\Controller.php(181): CodeIgniter\Validation\Validation->run()
#8 C:\xampp7\htdocs\popoku\app\Controllers\Register.php(28): CodeIgniter\Controller->validate(Array)
#9 C:\xampp7\htdocs\popoku\system\CodeIgniter.php(936): App\Controllers\Register->save()
#10 C:\xampp7\htdocs\popoku\system\CodeIgniter.php(432): CodeIgniter\CodeIgniter->runController(Object(App\Controllers\Register))
#11 C:\xampp7\htdocs\popoku\system\CodeIgniter.php(333): CodeIgniter\CodeIgniter->handleRequest(NULL, Object(Config\Cache), false)
#12 C:\xampp7\htdocs\popoku\index.php(44): CodeIgniter\CodeIgniter->run()
#13 {main}
ERROR - 2021-02-07 10:49:34 --> mysqli_sql_exception: Table 'db_popokku.users' doesn't exist in C:\xampp7\htdocs\popoku\system\Database\MySQLi\Connection.php:314
Stack trace:
#0 C:\xampp7\htdocs\popoku\system\Database\MySQLi\Connection.php(314): mysqli->query('SELECT 1\nFROM `...')
#1 C:\xampp7\htdocs\popoku\system\Database\BaseConnection.php(713): CodeIgniter\Database\MySQLi\Connection->execute('SELECT 1\nFROM `...')
#2 C:\xampp7\htdocs\popoku\system\Database\BaseConnection.php(641): CodeIgniter\Database\BaseConnection->simpleQuery('SELECT 1\nFROM `...')
#3 C:\xampp7\htdocs\popoku\system\Database\BaseBuilder.php(1866): CodeIgniter\Database\BaseConnection->query('SELECT 1\nFROM `...', Array, false)
#4 C:\xampp7\htdocs\popoku\system\Validation\Rules.php(212): CodeIgniter\Database\BaseBuilder->get()
#5 C:\xampp7\htdocs\popoku\system\Validation\Validation.php(306): CodeIgniter\Validation\Rules->is_unique('a@a.com', 'user_email', Array, NULL)
#6 C:\xampp7\htdocs\popoku\system\Validation\Validation.php(164): CodeIgniter\Validation\Validation->processRules('email', 'email', 'a@a.com', Array, Array)
#7 C:\xampp7\htdocs\popoku\system\Controller.php(181): CodeIgniter\Validation\Validation->run()
#8 C:\xampp7\htdocs\popoku\app\Controllers\Register.php(28): CodeIgniter\Controller->validate(Array)
#9 C:\xampp7\htdocs\popoku\system\CodeIgniter.php(936): App\Controllers\Register->save()
#10 C:\xampp7\htdocs\popoku\system\CodeIgniter.php(432): CodeIgniter\CodeIgniter->runController(Object(App\Controllers\Register))
#11 C:\xampp7\htdocs\popoku\system\CodeIgniter.php(333): CodeIgniter\CodeIgniter->handleRequest(NULL, Object(Config\Cache), false)
#12 C:\xampp7\htdocs\popoku\index.php(44): CodeIgniter\CodeIgniter->run()
#13 {main}
ERROR - 2021-02-07 10:49:40 --> mysqli_sql_exception: Table 'db_popokku.users' doesn't exist in C:\xampp7\htdocs\popoku\system\Database\MySQLi\Connection.php:314
Stack trace:
#0 C:\xampp7\htdocs\popoku\system\Database\MySQLi\Connection.php(314): mysqli->query('SELECT 1\nFROM `...')
#1 C:\xampp7\htdocs\popoku\system\Database\BaseConnection.php(713): CodeIgniter\Database\MySQLi\Connection->execute('SELECT 1\nFROM `...')
#2 C:\xampp7\htdocs\popoku\system\Database\BaseConnection.php(641): CodeIgniter\Database\BaseConnection->simpleQuery('SELECT 1\nFROM `...')
#3 C:\xampp7\htdocs\popoku\system\Database\BaseBuilder.php(1866): CodeIgniter\Database\BaseConnection->query('SELECT 1\nFROM `...', Array, false)
#4 C:\xampp7\htdocs\popoku\system\Validation\Rules.php(212): CodeIgniter\Database\BaseBuilder->get()
#5 C:\xampp7\htdocs\popoku\system\Validation\Validation.php(306): CodeIgniter\Validation\Rules->is_unique('a@a.com', 'user_email', Array, NULL)
#6 C:\xampp7\htdocs\popoku\system\Validation\Validation.php(164): CodeIgniter\Validation\Validation->processRules('email', 'email', 'a@a.com', Array, Array)
#7 C:\xampp7\htdocs\popoku\system\Controller.php(181): CodeIgniter\Validation\Validation->run()
#8 C:\xampp7\htdocs\popoku\app\Controllers\Register.php(28): CodeIgniter\Controller->validate(Array)
#9 C:\xampp7\htdocs\popoku\system\CodeIgniter.php(936): App\Controllers\Register->save()
#10 C:\xampp7\htdocs\popoku\system\CodeIgniter.php(432): CodeIgniter\CodeIgniter->runController(Object(App\Controllers\Register))
#11 C:\xampp7\htdocs\popoku\system\CodeIgniter.php(333): CodeIgniter\CodeIgniter->handleRequest(NULL, Object(Config\Cache), false)
#12 C:\xampp7\htdocs\popoku\index.php(44): CodeIgniter\CodeIgniter->run()
#13 {main}
