CRITICAL - 2021-02-17 08:39:12 --> Call to undefined method App\Models\Model_user::get_donasi_done
#0 C:\xampp7\htdocs\popoku\app\Controllers\Dashboard.php(17): CodeIgniter\Model->__call('get_donasi_done', Array)
#1 C:\xampp7\htdocs\popoku\system\CodeIgniter.php(936): App\Controllers\Dashboard->index()
#2 C:\xampp7\htdocs\popoku\system\CodeIgniter.php(432): CodeIgniter\CodeIgniter->runController(Object(App\Controllers\Dashboard))
#3 C:\xampp7\htdocs\popoku\system\CodeIgniter.php(333): CodeIgniter\CodeIgniter->handleRequest(NULL, Object(Config\Cache), false)
#4 C:\xampp7\htdocs\popoku\index.php(44): CodeIgniter\CodeIgniter->run()
#5 {main}
CRITICAL - 2021-02-17 08:41:24 --> Return value of CodeIgniter\Database\MySQLi\Result::getNumRows() must be of the type int, null returned
#0 C:\xampp7\htdocs\popoku\app\Controllers\Dashboard.php(17): CodeIgniter\Database\MySQLi\Result->getNumRows()
#1 C:\xampp7\htdocs\popoku\system\CodeIgniter.php(936): App\Controllers\Dashboard->index()
#2 C:\xampp7\htdocs\popoku\system\CodeIgniter.php(432): CodeIgniter\CodeIgniter->runController(Object(App\Controllers\Dashboard))
#3 C:\xampp7\htdocs\popoku\system\CodeIgniter.php(333): CodeIgniter\CodeIgniter->handleRequest(NULL, Object(Config\Cache), false)
#4 C:\xampp7\htdocs\popoku\index.php(44): CodeIgniter\CodeIgniter->run()
#5 {main}
CRITICAL - 2021-02-17 08:43:07 --> Call to undefined method CodeIgniter\Database\MySQLi\Result::getRowsCount()
#0 C:\xampp7\htdocs\popoku\system\CodeIgniter.php(936): App\Controllers\Dashboard->index()
#1 C:\xampp7\htdocs\popoku\system\CodeIgniter.php(432): CodeIgniter\CodeIgniter->runController(Object(App\Controllers\Dashboard))
#2 C:\xampp7\htdocs\popoku\system\CodeIgniter.php(333): CodeIgniter\CodeIgniter->handleRequest(NULL, Object(Config\Cache), false)
#3 C:\xampp7\htdocs\popoku\index.php(44): CodeIgniter\CodeIgniter->run()
#4 {main}
CRITICAL - 2021-02-17 08:43:10 --> Call to undefined method CodeIgniter\Database\MySQLi\Result::getRowCount()
#0 C:\xampp7\htdocs\popoku\system\CodeIgniter.php(936): App\Controllers\Dashboard->index()
#1 C:\xampp7\htdocs\popoku\system\CodeIgniter.php(432): CodeIgniter\CodeIgniter->runController(Object(App\Controllers\Dashboard))
#2 C:\xampp7\htdocs\popoku\system\CodeIgniter.php(333): CodeIgniter\CodeIgniter->handleRequest(NULL, Object(Config\Cache), false)
#3 C:\xampp7\htdocs\popoku\index.php(44): CodeIgniter\CodeIgniter->run()
#4 {main}
CRITICAL - 2021-02-17 08:43:33 --> Return value of CodeIgniter\Database\MySQLi\Result::getNumRows() must be of the type int, null returned
#0 C:\xampp7\htdocs\popoku\app\Controllers\Dashboard.php(17): CodeIgniter\Database\MySQLi\Result->getNumRows()
#1 C:\xampp7\htdocs\popoku\system\CodeIgniter.php(936): App\Controllers\Dashboard->index()
#2 C:\xampp7\htdocs\popoku\system\CodeIgniter.php(432): CodeIgniter\CodeIgniter->runController(Object(App\Controllers\Dashboard))
#3 C:\xampp7\htdocs\popoku\system\CodeIgniter.php(333): CodeIgniter\CodeIgniter->handleRequest(NULL, Object(Config\Cache), false)
#4 C:\xampp7\htdocs\popoku\index.php(44): CodeIgniter\CodeIgniter->run()
#5 {main}
CRITICAL - 2021-02-17 08:43:53 --> Return value of CodeIgniter\Database\MySQLi\Result::getNumRows() must be of the type int, null returned
#0 C:\xampp7\htdocs\popoku\app\Views\admin\dashboard.php(11): CodeIgniter\Database\MySQLi\Result->getNumRows()
#1 C:\xampp7\htdocs\popoku\system\View\View.php(220): include('C:\\xampp7\\htdoc...')
#2 C:\xampp7\htdocs\popoku\system\View\View.php(222): CodeIgniter\View\View->CodeIgniter\View\{closure}()
#3 C:\xampp7\htdocs\popoku\system\Common.php(1217): CodeIgniter\View\View->render('admin/dashboard', Array, true)
#4 C:\xampp7\htdocs\popoku\app\Controllers\Dashboard.php(22): view('admin/dashboard', Array)
#5 C:\xampp7\htdocs\popoku\system\CodeIgniter.php(936): App\Controllers\Dashboard->index()
#6 C:\xampp7\htdocs\popoku\system\CodeIgniter.php(432): CodeIgniter\CodeIgniter->runController(Object(App\Controllers\Dashboard))
#7 C:\xampp7\htdocs\popoku\system\CodeIgniter.php(333): CodeIgniter\CodeIgniter->handleRequest(NULL, Object(Config\Cache), false)
#8 C:\xampp7\htdocs\popoku\index.php(44): CodeIgniter\CodeIgniter->run()
#9 {main}
CRITICAL - 2021-02-17 08:47:36 --> You must set the database table to be used with your query.
#0 C:\xampp7\htdocs\popoku\system\Model.php(615): CodeIgniter\Database\BaseConnection->table(NULL)
#1 C:\xampp7\htdocs\popoku\system\Model.php(834): CodeIgniter\Model->builder()
#2 C:\xampp7\htdocs\popoku\app\Controllers\Dashboard.php(18): CodeIgniter\Model->__call('lastQuery', Array)
#3 C:\xampp7\htdocs\popoku\system\CodeIgniter.php(936): App\Controllers\Dashboard->index()
#4 C:\xampp7\htdocs\popoku\system\CodeIgniter.php(432): CodeIgniter\CodeIgniter->runController(Object(App\Controllers\Dashboard))
#5 C:\xampp7\htdocs\popoku\system\CodeIgniter.php(333): CodeIgniter\CodeIgniter->handleRequest(NULL, Object(Config\Cache), false)
#6 C:\xampp7\htdocs\popoku\index.php(44): CodeIgniter\CodeIgniter->run()
#7 {main}
CRITICAL - 2021-02-17 08:48:58 --> Object of class CodeIgniter\Database\MySQLi\Result could not be converted to string
#0 C:\xampp7\htdocs\popoku\system\CodeIgniter.php(936): App\Controllers\Dashboard->index()
#1 C:\xampp7\htdocs\popoku\system\CodeIgniter.php(432): CodeIgniter\CodeIgniter->runController(Object(App\Controllers\Dashboard))
#2 C:\xampp7\htdocs\popoku\system\CodeIgniter.php(333): CodeIgniter\CodeIgniter->handleRequest(NULL, Object(Config\Cache), false)
#3 C:\xampp7\htdocs\popoku\index.php(44): CodeIgniter\CodeIgniter->run()
#4 {main}
CRITICAL - 2021-02-17 08:49:08 --> syntax error, unexpected '$model2' (T_VARIABLE)
#0 C:\xampp7\htdocs\popoku\system\Autoloader\Autoloader.php(265): CodeIgniter\Autoloader\Autoloader->includeFile('C:\\xampp7\\htdoc...')
#1 C:\xampp7\htdocs\popoku\system\Autoloader\Autoloader.php(228): CodeIgniter\Autoloader\Autoloader->loadInNamespace('App\\Controllers...')
#2 [internal function]: CodeIgniter\Autoloader\Autoloader->loadClass('App\\Controllers...')
#3 [internal function]: spl_autoload_call('App\\Controllers...')
#4 C:\xampp7\htdocs\popoku\system\CodeIgniter.php(893): class_exists('\\App\\Controller...', true)
#5 C:\xampp7\htdocs\popoku\system\CodeIgniter.php(417): CodeIgniter\CodeIgniter->startController()
#6 C:\xampp7\htdocs\popoku\system\CodeIgniter.php(333): CodeIgniter\CodeIgniter->handleRequest(NULL, Object(Config\Cache), false)
#7 C:\xampp7\htdocs\popoku\index.php(44): CodeIgniter\CodeIgniter->run()
#8 {main}
CRITICAL - 2021-02-17 08:50:59 --> Class 'num_rows' not found
#0 [internal function]: CodeIgniter\Debug\Exceptions->shutdownHandler()
#1 {main}
CRITICAL - 2021-02-17 08:51:21 --> Call to a member function getNumRows() on array
#0 C:\xampp7\htdocs\popoku\system\CodeIgniter.php(936): App\Controllers\Dashboard->index()
#1 C:\xampp7\htdocs\popoku\system\CodeIgniter.php(432): CodeIgniter\CodeIgniter->runController(Object(App\Controllers\Dashboard))
#2 C:\xampp7\htdocs\popoku\system\CodeIgniter.php(333): CodeIgniter\CodeIgniter->handleRequest(NULL, Object(Config\Cache), false)
#3 C:\xampp7\htdocs\popoku\index.php(44): CodeIgniter\CodeIgniter->run()
#4 {main}
CRITICAL - 2021-02-17 09:10:21 --> Call to undefined method CodeIgniter\Database\MySQLi\Builder::order_by()
#0 C:\xampp7\htdocs\popoku\app\Controllers\Donasi.php(42): App\Models\Model_kurir->get_kurir_ready()
#1 C:\xampp7\htdocs\popoku\system\CodeIgniter.php(936): App\Controllers\Donasi->edit('7')
#2 C:\xampp7\htdocs\popoku\system\CodeIgniter.php(432): CodeIgniter\CodeIgniter->runController(Object(App\Controllers\Donasi))
#3 C:\xampp7\htdocs\popoku\system\CodeIgniter.php(333): CodeIgniter\CodeIgniter->handleRequest(NULL, Object(Config\Cache), false)
#4 C:\xampp7\htdocs\popoku\index.php(44): CodeIgniter\CodeIgniter->run()
#5 {main}
CRITICAL - 2021-02-17 09:10:32 --> Call to undefined method CodeIgniter\Database\MySQLi\Builder::sort_by()
#0 C:\xampp7\htdocs\popoku\app\Controllers\Donasi.php(42): App\Models\Model_kurir->get_kurir_ready()
#1 C:\xampp7\htdocs\popoku\system\CodeIgniter.php(936): App\Controllers\Donasi->edit('7')
#2 C:\xampp7\htdocs\popoku\system\CodeIgniter.php(432): CodeIgniter\CodeIgniter->runController(Object(App\Controllers\Donasi))
#3 C:\xampp7\htdocs\popoku\system\CodeIgniter.php(333): CodeIgniter\CodeIgniter->handleRequest(NULL, Object(Config\Cache), false)
#4 C:\xampp7\htdocs\popoku\index.php(44): CodeIgniter\CodeIgniter->run()
#5 {main}
CRITICAL - 2021-02-17 09:11:02 --> Call to undefined method CodeIgniter\Database\MySQLi\Builder::order_by()
#0 C:\xampp7\htdocs\popoku\app\Controllers\Donasi.php(42): App\Models\Model_kurir->get_kurir_ready()
#1 C:\xampp7\htdocs\popoku\system\CodeIgniter.php(936): App\Controllers\Donasi->edit('7')
#2 C:\xampp7\htdocs\popoku\system\CodeIgniter.php(432): CodeIgniter\CodeIgniter->runController(Object(App\Controllers\Donasi))
#3 C:\xampp7\htdocs\popoku\system\CodeIgniter.php(333): CodeIgniter\CodeIgniter->handleRequest(NULL, Object(Config\Cache), false)
#4 C:\xampp7\htdocs\popoku\index.php(44): CodeIgniter\CodeIgniter->run()
#5 {main}
CRITICAL - 2021-02-17 09:12:28 --> Call to undefined method CodeIgniter\Database\MySQLi\Builder::order_by()
#0 C:\xampp7\htdocs\popoku\app\Controllers\Donasi.php(42): App\Models\Model_kurir->get_kurir_ready()
#1 C:\xampp7\htdocs\popoku\system\CodeIgniter.php(936): App\Controllers\Donasi->edit('7')
#2 C:\xampp7\htdocs\popoku\system\CodeIgniter.php(432): CodeIgniter\CodeIgniter->runController(Object(App\Controllers\Donasi))
#3 C:\xampp7\htdocs\popoku\system\CodeIgniter.php(333): CodeIgniter\CodeIgniter->handleRequest(NULL, Object(Config\Cache), false)
#4 C:\xampp7\htdocs\popoku\index.php(44): CodeIgniter\CodeIgniter->run()
#5 {main}
CRITICAL - 2021-02-17 09:12:39 --> Call to undefined method CodeIgniter\Database\MySQLi\Builder::order_by()
#0 C:\xampp7\htdocs\popoku\app\Controllers\Donasi.php(42): App\Models\Model_kurir->get_kurir_ready()
#1 C:\xampp7\htdocs\popoku\system\CodeIgniter.php(936): App\Controllers\Donasi->edit('7')
#2 C:\xampp7\htdocs\popoku\system\CodeIgniter.php(432): CodeIgniter\CodeIgniter->runController(Object(App\Controllers\Donasi))
#3 C:\xampp7\htdocs\popoku\system\CodeIgniter.php(333): CodeIgniter\CodeIgniter->handleRequest(NULL, Object(Config\Cache), false)
#4 C:\xampp7\htdocs\popoku\index.php(44): CodeIgniter\CodeIgniter->run()
#5 {main}
CRITICAL - 2021-02-17 09:12:59 --> Call to undefined method CodeIgniter\Database\MySQLi\Builder::order_by()
#0 C:\xampp7\htdocs\popoku\app\Controllers\Donasi.php(42): App\Models\Model_kurir->get_kurir_ready()
#1 C:\xampp7\htdocs\popoku\system\CodeIgniter.php(936): App\Controllers\Donasi->edit('7')
#2 C:\xampp7\htdocs\popoku\system\CodeIgniter.php(432): CodeIgniter\CodeIgniter->runController(Object(App\Controllers\Donasi))
#3 C:\xampp7\htdocs\popoku\system\CodeIgniter.php(333): CodeIgniter\CodeIgniter->handleRequest(NULL, Object(Config\Cache), false)
#4 C:\xampp7\htdocs\popoku\index.php(44): CodeIgniter\CodeIgniter->run()
#5 {main}
CRITICAL - 2021-02-17 09:18:48 --> Use of undefined constant desc - assumed 'desc' (this will throw an Error in a future version of PHP)
#0 C:\xampp7\htdocs\popoku\app\Models\Model_donasi.php(40): CodeIgniter\Debug\Exceptions->errorHandler(2, 'Use of undefine...', 'C:\\xampp7\\htdoc...', 40, Array)
#1 C:\xampp7\htdocs\popoku\app\Controllers\Dashboard.php(19): App\Models\Model_donasi->get_donasi_latest()
#2 C:\xampp7\htdocs\popoku\system\CodeIgniter.php(936): App\Controllers\Dashboard->index()
#3 C:\xampp7\htdocs\popoku\system\CodeIgniter.php(432): CodeIgniter\CodeIgniter->runController(Object(App\Controllers\Dashboard))
#4 C:\xampp7\htdocs\popoku\system\CodeIgniter.php(333): CodeIgniter\CodeIgniter->handleRequest(NULL, Object(Config\Cache), false)
#5 C:\xampp7\htdocs\popoku\index.php(44): CodeIgniter\CodeIgniter->run()
#6 {main}
CRITICAL - 2021-02-17 09:19:03 --> Invalid argument supplied for foreach()
#0 C:\xampp7\htdocs\popoku\app\Views\admin\dashboard.php(71): CodeIgniter\Debug\Exceptions->errorHandler(2, 'Invalid argumen...', 'C:\\xampp7\\htdoc...', 71, Array)
#1 C:\xampp7\htdocs\popoku\system\View\View.php(220): include('C:\\xampp7\\htdoc...')
#2 C:\xampp7\htdocs\popoku\system\View\View.php(222): CodeIgniter\View\View->CodeIgniter\View\{closure}()
#3 C:\xampp7\htdocs\popoku\system\Common.php(1217): CodeIgniter\View\View->render('admin/dashboard', Array, true)
#4 C:\xampp7\htdocs\popoku\app\Controllers\Dashboard.php(25): view('admin/dashboard', Array)
#5 C:\xampp7\htdocs\popoku\system\CodeIgniter.php(936): App\Controllers\Dashboard->index()
#6 C:\xampp7\htdocs\popoku\system\CodeIgniter.php(432): CodeIgniter\CodeIgniter->runController(Object(App\Controllers\Dashboard))
#7 C:\xampp7\htdocs\popoku\system\CodeIgniter.php(333): CodeIgniter\CodeIgniter->handleRequest(NULL, Object(Config\Cache), false)
#8 C:\xampp7\htdocs\popoku\index.php(44): CodeIgniter\CodeIgniter->run()
#9 {main}
CRITICAL - 2021-02-17 09:25:57 --> Call to undefined function get_user_nama()
#0 C:\xampp7\htdocs\popoku\system\View\View.php(220): include()
#1 C:\xampp7\htdocs\popoku\system\View\View.php(222): CodeIgniter\View\View->CodeIgniter\View\{closure}()
#2 C:\xampp7\htdocs\popoku\system\Common.php(1217): CodeIgniter\View\View->render('admin/dashboard', Array, true)
#3 C:\xampp7\htdocs\popoku\app\Controllers\Dashboard.php(25): view('admin/dashboard', Array)
#4 C:\xampp7\htdocs\popoku\system\CodeIgniter.php(936): App\Controllers\Dashboard->index()
#5 C:\xampp7\htdocs\popoku\system\CodeIgniter.php(432): CodeIgniter\CodeIgniter->runController(Object(App\Controllers\Dashboard))
#6 C:\xampp7\htdocs\popoku\system\CodeIgniter.php(333): CodeIgniter\CodeIgniter->handleRequest(NULL, Object(Config\Cache), false)
#7 C:\xampp7\htdocs\popoku\index.php(44): CodeIgniter\CodeIgniter->run()
#8 {main}
CRITICAL - 2021-02-17 09:26:34 --> Call to a member function get_user_nama() on null
#0 C:\xampp7\htdocs\popoku\system\View\View.php(220): include()
#1 C:\xampp7\htdocs\popoku\system\View\View.php(222): CodeIgniter\View\View->CodeIgniter\View\{closure}()
#2 C:\xampp7\htdocs\popoku\system\Common.php(1217): CodeIgniter\View\View->render('admin/dashboard', Array, true)
#3 C:\xampp7\htdocs\popoku\app\Controllers\Dashboard.php(25): view('admin/dashboard', Array)
#4 C:\xampp7\htdocs\popoku\system\CodeIgniter.php(936): App\Controllers\Dashboard->index()
#5 C:\xampp7\htdocs\popoku\system\CodeIgniter.php(432): CodeIgniter\CodeIgniter->runController(Object(App\Controllers\Dashboard))
#6 C:\xampp7\htdocs\popoku\system\CodeIgniter.php(333): CodeIgniter\CodeIgniter->handleRequest(NULL, Object(Config\Cache), false)
#7 C:\xampp7\htdocs\popoku\index.php(44): CodeIgniter\CodeIgniter->run()
#8 {main}
