CRITICAL - 2021-02-08 05:43:04 --> Class 'Config\Auth' not found
#0 C:\xampp7\htdocs\popoku\system\CodeIgniter.php(403): CodeIgniter\Filters\Filters->run('dashboard', 'before')
#1 C:\xampp7\htdocs\popoku\system\CodeIgniter.php(333): CodeIgniter\CodeIgniter->handleRequest(NULL, Object(Config\Cache), false)
#2 C:\xampp7\htdocs\popoku\index.php(44): CodeIgniter\CodeIgniter->run()
#3 {main}
CRITICAL - 2021-02-08 05:43:29 --> Class 'Config\Auth' not found
#0 C:\xampp7\htdocs\popoku\system\CodeIgniter.php(403): CodeIgniter\Filters\Filters->run('dashboard', 'before')
#1 C:\xampp7\htdocs\popoku\system\CodeIgniter.php(333): CodeIgniter\CodeIgniter->handleRequest(NULL, Object(Config\Cache), false)
#2 C:\xampp7\htdocs\popoku\index.php(44): CodeIgniter\CodeIgniter->run()
#3 {main}
CRITICAL - 2021-02-08 05:46:03 --> Class 'Config\Auth' not found
#0 C:\xampp7\htdocs\popoku\system\CodeIgniter.php(403): CodeIgniter\Filters\Filters->run('dashboard', 'before')
#1 C:\xampp7\htdocs\popoku\system\CodeIgniter.php(333): CodeIgniter\CodeIgniter->handleRequest(NULL, Object(Config\Cache), false)
#2 C:\xampp7\htdocs\popoku\index.php(44): CodeIgniter\CodeIgniter->run()
#3 {main}
CRITICAL - 2021-02-08 05:47:08 --> Class 'Config\Auth' not found
#0 C:\xampp7\htdocs\popoku\system\CodeIgniter.php(403): CodeIgniter\Filters\Filters->run('dashboard', 'before')
#1 C:\xampp7\htdocs\popoku\system\CodeIgniter.php(333): CodeIgniter\CodeIgniter->handleRequest(NULL, Object(Config\Cache), false)
#2 C:\xampp7\htdocs\popoku\index.php(44): CodeIgniter\CodeIgniter->run()
#3 {main}
CRITICAL - 2021-02-08 05:48:20 --> Class 'Config\App\Filters\Auth' not found
#0 C:\xampp7\htdocs\popoku\system\CodeIgniter.php(403): CodeIgniter\Filters\Filters->run('dashboard', 'before')
#1 C:\xampp7\htdocs\popoku\system\CodeIgniter.php(333): CodeIgniter\CodeIgniter->handleRequest(NULL, Object(Config\Cache), false)
#2 C:\xampp7\htdocs\popoku\index.php(44): CodeIgniter\CodeIgniter->run()
#3 {main}
CRITICAL - 2021-02-08 05:48:36 --> Class 'Filters\Auth' not found
#0 C:\xampp7\htdocs\popoku\system\CodeIgniter.php(403): CodeIgniter\Filters\Filters->run('dashboard', 'before')
#1 C:\xampp7\htdocs\popoku\system\CodeIgniter.php(333): CodeIgniter\CodeIgniter->handleRequest(NULL, Object(Config\Cache), false)
#2 C:\xampp7\htdocs\popoku\index.php(44): CodeIgniter\CodeIgniter->run()
#3 {main}
CRITICAL - 2021-02-08 05:48:45 --> Class 'Config\Filters\Auth' not found
#0 C:\xampp7\htdocs\popoku\system\CodeIgniter.php(403): CodeIgniter\Filters\Filters->run('dashboard', 'before')
#1 C:\xampp7\htdocs\popoku\system\CodeIgniter.php(333): CodeIgniter\CodeIgniter->handleRequest(NULL, Object(Config\Cache), false)
#2 C:\xampp7\htdocs\popoku\index.php(44): CodeIgniter\CodeIgniter->run()
#3 {main}
CRITICAL - 2021-02-08 05:48:53 --> Class 'Filters\Auth' not found
#0 C:\xampp7\htdocs\popoku\system\CodeIgniter.php(403): CodeIgniter\Filters\Filters->run('dashboard', 'before')
#1 C:\xampp7\htdocs\popoku\system\CodeIgniter.php(333): CodeIgniter\CodeIgniter->handleRequest(NULL, Object(Config\Cache), false)
#2 C:\xampp7\htdocs\popoku\index.php(44): CodeIgniter\CodeIgniter->run()
#3 {main}
ERROR - 2021-02-08 06:00:04 --> mysqli_sql_exception: Table 'db_popokku.users' doesn't exist in C:\xampp7\htdocs\popoku\system\Database\MySQLi\Connection.php:314
Stack trace:
#0 C:\xampp7\htdocs\popoku\system\Database\MySQLi\Connection.php(314): mysqli->query('SELECT 1\nFROM `...')
#1 C:\xampp7\htdocs\popoku\system\Database\BaseConnection.php(713): CodeIgniter\Database\MySQLi\Connection->execute('SELECT 1\nFROM `...')
#2 C:\xampp7\htdocs\popoku\system\Database\BaseConnection.php(641): CodeIgniter\Database\BaseConnection->simpleQuery('SELECT 1\nFROM `...')
#3 C:\xampp7\htdocs\popoku\system\Database\BaseBuilder.php(1866): CodeIgniter\Database\BaseConnection->query('SELECT 1\nFROM `...', Array, false)
#4 C:\xampp7\htdocs\popoku\system\Validation\Rules.php(212): CodeIgniter\Database\BaseBuilder->get()
#5 C:\xampp7\htdocs\popoku\system\Validation\Validation.php(306): CodeIgniter\Validation\Rules->is_unique('admin@demo.com', 'user_email', Array, NULL)
#6 C:\xampp7\htdocs\popoku\system\Validation\Validation.php(164): CodeIgniter\Validation\Validation->processRules('email', 'email', 'admin@demo.com', Array, Array)
#7 C:\xampp7\htdocs\popoku\system\Controller.php(181): CodeIgniter\Validation\Validation->run()
#8 C:\xampp7\htdocs\popoku\app\Controllers\Register.php(26): CodeIgniter\Controller->validate(Array)
#9 C:\xampp7\htdocs\popoku\system\CodeIgniter.php(936): App\Controllers\Register->save()
#10 C:\xampp7\htdocs\popoku\system\CodeIgniter.php(432): CodeIgniter\CodeIgniter->runController(Object(App\Controllers\Register))
#11 C:\xampp7\htdocs\popoku\system\CodeIgniter.php(333): CodeIgniter\CodeIgniter->handleRequest(NULL, Object(Config\Cache), false)
#12 C:\xampp7\htdocs\popoku\index.php(44): CodeIgniter\CodeIgniter->run()
#13 {main}
CRITICAL - 2021-02-08 20:47:44 --> Class 'App\Controllers\Model_auth' not found
#0 C:\xampp7\htdocs\popoku\system\CodeIgniter.php(936): App\Controllers\Login->auth()
#1 C:\xampp7\htdocs\popoku\system\CodeIgniter.php(432): CodeIgniter\CodeIgniter->runController(Object(App\Controllers\Login))
#2 C:\xampp7\htdocs\popoku\system\CodeIgniter.php(333): CodeIgniter\CodeIgniter->handleRequest(NULL, Object(Config\Cache), false)
#3 C:\xampp7\htdocs\popoku\index.php(44): CodeIgniter\CodeIgniter->run()
#4 {main}
CRITICAL - 2021-02-08 20:48:06 --> Class 'App\Controllers\Model_auth' not found
#0 C:\xampp7\htdocs\popoku\system\CodeIgniter.php(936): App\Controllers\Login->auth()
#1 C:\xampp7\htdocs\popoku\system\CodeIgniter.php(432): CodeIgniter\CodeIgniter->runController(Object(App\Controllers\Login))
#2 C:\xampp7\htdocs\popoku\system\CodeIgniter.php(333): CodeIgniter\CodeIgniter->handleRequest(NULL, Object(Config\Cache), false)
#3 C:\xampp7\htdocs\popoku\index.php(44): CodeIgniter\CodeIgniter->run()
#4 {main}
CRITICAL - 2021-02-08 20:53:15 --> Call to undefined method App\Models\Model_user::getCustomer
#0 C:\xampp7\htdocs\popoku\app\Controllers\User.php(11): CodeIgniter\Model->__call('getCustomer', Array)
#1 C:\xampp7\htdocs\popoku\system\CodeIgniter.php(936): App\Controllers\User->index()
#2 C:\xampp7\htdocs\popoku\system\CodeIgniter.php(432): CodeIgniter\CodeIgniter->runController(Object(App\Controllers\User))
#3 C:\xampp7\htdocs\popoku\system\CodeIgniter.php(333): CodeIgniter\CodeIgniter->handleRequest(NULL, Object(Config\Cache), false)
#4 C:\xampp7\htdocs\popoku\index.php(44): CodeIgniter\CodeIgniter->run()
#5 {main}
CRITICAL - 2021-02-08 21:55:04 --> Call to a member function get() on null
#0 C:\xampp7\htdocs\popoku\system\View\View.php(220): include()
#1 C:\xampp7\htdocs\popoku\system\View\View.php(222): CodeIgniter\View\View->CodeIgniter\View\{closure}()
#2 C:\xampp7\htdocs\popoku\system\Common.php(1217): CodeIgniter\View\View->render('admin/include/h...', Array, true)
#3 C:\xampp7\htdocs\popoku\app\Controllers\Dashboard.php(11): view('admin/include/h...', Array)
#4 C:\xampp7\htdocs\popoku\system\CodeIgniter.php(936): App\Controllers\Dashboard->index()
#5 C:\xampp7\htdocs\popoku\system\CodeIgniter.php(432): CodeIgniter\CodeIgniter->runController(Object(App\Controllers\Dashboard))
#6 C:\xampp7\htdocs\popoku\system\CodeIgniter.php(333): CodeIgniter\CodeIgniter->handleRequest(NULL, Object(Config\Cache), false)
#7 C:\xampp7\htdocs\popoku\index.php(44): CodeIgniter\CodeIgniter->run()
#8 {main}
CRITICAL - 2021-02-08 22:09:55 --> Call to a member function getSegment() on null
#0 C:\xampp7\htdocs\popoku\app\Views\admin\include\header.php(142): include()
#1 C:\xampp7\htdocs\popoku\system\View\View.php(220): include('C:\\xampp7\\htdoc...')
#2 C:\xampp7\htdocs\popoku\system\View\View.php(222): CodeIgniter\View\View->CodeIgniter\View\{closure}()
#3 C:\xampp7\htdocs\popoku\system\Common.php(1217): CodeIgniter\View\View->render('admin/include/h...', Array, true)
#4 C:\xampp7\htdocs\popoku\app\Controllers\Dashboard.php(11): view('admin/include/h...', Array)
#5 C:\xampp7\htdocs\popoku\system\CodeIgniter.php(936): App\Controllers\Dashboard->index()
#6 C:\xampp7\htdocs\popoku\system\CodeIgniter.php(432): CodeIgniter\CodeIgniter->runController(Object(App\Controllers\Dashboard))
#7 C:\xampp7\htdocs\popoku\system\CodeIgniter.php(333): CodeIgniter\CodeIgniter->handleRequest(NULL, Object(Config\Cache), false)
#8 C:\xampp7\htdocs\popoku\index.php(44): CodeIgniter\CodeIgniter->run()
#9 {main}
CRITICAL - 2021-02-08 22:10:03 --> Call to a member function getSegment() on null
#0 C:\xampp7\htdocs\popoku\app\Views\admin\include\header.php(142): include()
#1 C:\xampp7\htdocs\popoku\system\View\View.php(220): include('C:\\xampp7\\htdoc...')
#2 C:\xampp7\htdocs\popoku\system\View\View.php(222): CodeIgniter\View\View->CodeIgniter\View\{closure}()
#3 C:\xampp7\htdocs\popoku\system\Common.php(1217): CodeIgniter\View\View->render('admin/include/h...', Array, true)
#4 C:\xampp7\htdocs\popoku\app\Controllers\Dashboard.php(11): view('admin/include/h...', Array)
#5 C:\xampp7\htdocs\popoku\system\CodeIgniter.php(936): App\Controllers\Dashboard->index()
#6 C:\xampp7\htdocs\popoku\system\CodeIgniter.php(432): CodeIgniter\CodeIgniter->runController(Object(App\Controllers\Dashboard))
#7 C:\xampp7\htdocs\popoku\system\CodeIgniter.php(333): CodeIgniter\CodeIgniter->handleRequest(NULL, Object(Config\Cache), false)
#8 C:\xampp7\htdocs\popoku\index.php(44): CodeIgniter\CodeIgniter->run()
#9 {main}
CRITICAL - 2021-02-08 22:10:52 --> Call to a member function getSegment() on null
#0 C:\xampp7\htdocs\popoku\app\Views\admin\include\header.php(142): include()
#1 C:\xampp7\htdocs\popoku\system\View\View.php(220): include('C:\\xampp7\\htdoc...')
#2 C:\xampp7\htdocs\popoku\system\View\View.php(222): CodeIgniter\View\View->CodeIgniter\View\{closure}()
#3 C:\xampp7\htdocs\popoku\system\Common.php(1217): CodeIgniter\View\View->render('admin/include/h...', Array, true)
#4 C:\xampp7\htdocs\popoku\app\Controllers\Dashboard.php(11): view('admin/include/h...', Array)
#5 C:\xampp7\htdocs\popoku\system\CodeIgniter.php(936): App\Controllers\Dashboard->index()
#6 C:\xampp7\htdocs\popoku\system\CodeIgniter.php(432): CodeIgniter\CodeIgniter->runController(Object(App\Controllers\Dashboard))
#7 C:\xampp7\htdocs\popoku\system\CodeIgniter.php(333): CodeIgniter\CodeIgniter->handleRequest(NULL, Object(Config\Cache), false)
#8 C:\xampp7\htdocs\popoku\index.php(44): CodeIgniter\CodeIgniter->run()
#9 {main}
CRITICAL - 2021-02-08 22:11:19 --> Call to a member function uri() on null
#0 C:\xampp7\htdocs\popoku\app\Views\admin\include\header.php(142): include()
#1 C:\xampp7\htdocs\popoku\system\View\View.php(220): include('C:\\xampp7\\htdoc...')
#2 C:\xampp7\htdocs\popoku\system\View\View.php(222): CodeIgniter\View\View->CodeIgniter\View\{closure}()
#3 C:\xampp7\htdocs\popoku\system\Common.php(1217): CodeIgniter\View\View->render('admin/include/h...', Array, true)
#4 C:\xampp7\htdocs\popoku\app\Controllers\Dashboard.php(11): view('admin/include/h...', Array)
#5 C:\xampp7\htdocs\popoku\system\CodeIgniter.php(936): App\Controllers\Dashboard->index()
#6 C:\xampp7\htdocs\popoku\system\CodeIgniter.php(432): CodeIgniter\CodeIgniter->runController(Object(App\Controllers\Dashboard))
#7 C:\xampp7\htdocs\popoku\system\CodeIgniter.php(333): CodeIgniter\CodeIgniter->handleRequest(NULL, Object(Config\Cache), false)
#8 C:\xampp7\htdocs\popoku\index.php(44): CodeIgniter\CodeIgniter->run()
#9 {main}
CRITICAL - 2021-02-08 22:13:17 --> Call to a member function segment() on null
#0 C:\xampp7\htdocs\popoku\app\Views\admin\include\header.php(142): include()
#1 C:\xampp7\htdocs\popoku\system\View\View.php(220): include('C:\\xampp7\\htdoc...')
#2 C:\xampp7\htdocs\popoku\system\View\View.php(222): CodeIgniter\View\View->CodeIgniter\View\{closure}()
#3 C:\xampp7\htdocs\popoku\system\Common.php(1217): CodeIgniter\View\View->render('admin/include/h...', Array, true)
#4 C:\xampp7\htdocs\popoku\app\Controllers\Dashboard.php(11): view('admin/include/h...', Array)
#5 C:\xampp7\htdocs\popoku\system\CodeIgniter.php(936): App\Controllers\Dashboard->index()
#6 C:\xampp7\htdocs\popoku\system\CodeIgniter.php(432): CodeIgniter\CodeIgniter->runController(Object(App\Controllers\Dashboard))
#7 C:\xampp7\htdocs\popoku\system\CodeIgniter.php(333): CodeIgniter\CodeIgniter->handleRequest(NULL, Object(Config\Cache), false)
#8 C:\xampp7\htdocs\popoku\index.php(44): CodeIgniter\CodeIgniter->run()
#9 {main}
CRITICAL - 2021-02-08 22:13:25 --> Call to a member function segment() on null
#0 C:\xampp7\htdocs\popoku\app\Views\admin\include\header.php(142): include()
#1 C:\xampp7\htdocs\popoku\system\View\View.php(220): include('C:\\xampp7\\htdoc...')
#2 C:\xampp7\htdocs\popoku\system\View\View.php(222): CodeIgniter\View\View->CodeIgniter\View\{closure}()
#3 C:\xampp7\htdocs\popoku\system\Common.php(1217): CodeIgniter\View\View->render('admin/include/h...', Array, true)
#4 C:\xampp7\htdocs\popoku\app\Controllers\Dashboard.php(11): view('admin/include/h...', Array)
#5 C:\xampp7\htdocs\popoku\system\CodeIgniter.php(936): App\Controllers\Dashboard->index()
#6 C:\xampp7\htdocs\popoku\system\CodeIgniter.php(432): CodeIgniter\CodeIgniter->runController(Object(App\Controllers\Dashboard))
#7 C:\xampp7\htdocs\popoku\system\CodeIgniter.php(333): CodeIgniter\CodeIgniter->handleRequest(NULL, Object(Config\Cache), false)
#8 C:\xampp7\htdocs\popoku\index.php(44): CodeIgniter\CodeIgniter->run()
#9 {main}
CRITICAL - 2021-02-08 22:13:42 --> Call to a member function segment() on null
#0 C:\xampp7\htdocs\popoku\app\Views\admin\include\header.php(142): include()
#1 C:\xampp7\htdocs\popoku\system\View\View.php(220): include('C:\\xampp7\\htdoc...')
#2 C:\xampp7\htdocs\popoku\system\View\View.php(222): CodeIgniter\View\View->CodeIgniter\View\{closure}()
#3 C:\xampp7\htdocs\popoku\system\Common.php(1217): CodeIgniter\View\View->render('admin/include/h...', Array, true)
#4 C:\xampp7\htdocs\popoku\app\Controllers\Dashboard.php(11): view('admin/include/h...', Array)
#5 C:\xampp7\htdocs\popoku\system\CodeIgniter.php(936): App\Controllers\Dashboard->index()
#6 C:\xampp7\htdocs\popoku\system\CodeIgniter.php(432): CodeIgniter\CodeIgniter->runController(Object(App\Controllers\Dashboard))
#7 C:\xampp7\htdocs\popoku\system\CodeIgniter.php(333): CodeIgniter\CodeIgniter->handleRequest(NULL, Object(Config\Cache), false)
#8 C:\xampp7\htdocs\popoku\index.php(44): CodeIgniter\CodeIgniter->run()
#9 {main}
CRITICAL - 2021-02-08 22:15:22 --> Call to a member function getSegment() on null
#0 C:\xampp7\htdocs\popoku\app\Views\admin\include\header.php(142): include()
#1 C:\xampp7\htdocs\popoku\system\View\View.php(220): include('C:\\xampp7\\htdoc...')
#2 C:\xampp7\htdocs\popoku\system\View\View.php(222): CodeIgniter\View\View->CodeIgniter\View\{closure}()
#3 C:\xampp7\htdocs\popoku\system\Common.php(1217): CodeIgniter\View\View->render('admin/include/h...', Array, true)
#4 C:\xampp7\htdocs\popoku\app\Controllers\Dashboard.php(11): view('admin/include/h...', Array)
#5 C:\xampp7\htdocs\popoku\system\CodeIgniter.php(936): App\Controllers\Dashboard->index()
#6 C:\xampp7\htdocs\popoku\system\CodeIgniter.php(432): CodeIgniter\CodeIgniter->runController(Object(App\Controllers\Dashboard))
#7 C:\xampp7\htdocs\popoku\system\CodeIgniter.php(333): CodeIgniter\CodeIgniter->handleRequest(NULL, Object(Config\Cache), false)
#8 C:\xampp7\htdocs\popoku\index.php(44): CodeIgniter\CodeIgniter->run()
#9 {main}
CRITICAL - 2021-02-08 22:15:39 --> Call to a member function getSegment() on null
#0 C:\xampp7\htdocs\popoku\app\Views\admin\include\header.php(142): include()
#1 C:\xampp7\htdocs\popoku\system\View\View.php(220): include('C:\\xampp7\\htdoc...')
#2 C:\xampp7\htdocs\popoku\system\View\View.php(222): CodeIgniter\View\View->CodeIgniter\View\{closure}()
#3 C:\xampp7\htdocs\popoku\system\Common.php(1217): CodeIgniter\View\View->render('admin/include/h...', Array, true)
#4 C:\xampp7\htdocs\popoku\app\Controllers\Dashboard.php(11): view('admin/include/h...', Array)
#5 C:\xampp7\htdocs\popoku\system\CodeIgniter.php(936): App\Controllers\Dashboard->index()
#6 C:\xampp7\htdocs\popoku\system\CodeIgniter.php(432): CodeIgniter\CodeIgniter->runController(Object(App\Controllers\Dashboard))
#7 C:\xampp7\htdocs\popoku\system\CodeIgniter.php(333): CodeIgniter\CodeIgniter->handleRequest(NULL, Object(Config\Cache), false)
#8 C:\xampp7\htdocs\popoku\index.php(44): CodeIgniter\CodeIgniter->run()
#9 {main}
CRITICAL - 2021-02-08 22:17:18 --> Call to a member function getSegment() on null
#0 C:\xampp7\htdocs\popoku\app\Views\admin\include\header.php(142): include()
#1 C:\xampp7\htdocs\popoku\system\View\View.php(220): include('C:\\xampp7\\htdoc...')
#2 C:\xampp7\htdocs\popoku\system\View\View.php(222): CodeIgniter\View\View->CodeIgniter\View\{closure}()
#3 C:\xampp7\htdocs\popoku\system\Common.php(1217): CodeIgniter\View\View->render('admin/include/h...', Array, true)
#4 C:\xampp7\htdocs\popoku\app\Controllers\Dashboard.php(11): view('admin/include/h...', Array)
#5 C:\xampp7\htdocs\popoku\system\CodeIgniter.php(936): App\Controllers\Dashboard->index()
#6 C:\xampp7\htdocs\popoku\system\CodeIgniter.php(432): CodeIgniter\CodeIgniter->runController(Object(App\Controllers\Dashboard))
#7 C:\xampp7\htdocs\popoku\system\CodeIgniter.php(333): CodeIgniter\CodeIgniter->handleRequest(NULL, Object(Config\Cache), false)
#8 C:\xampp7\htdocs\popoku\index.php(44): CodeIgniter\CodeIgniter->run()
#9 {main}
CRITICAL - 2021-02-08 22:17:23 --> Call to a member function getSegments() on null
#0 C:\xampp7\htdocs\popoku\app\Views\admin\include\header.php(142): include()
#1 C:\xampp7\htdocs\popoku\system\View\View.php(220): include('C:\\xampp7\\htdoc...')
#2 C:\xampp7\htdocs\popoku\system\View\View.php(222): CodeIgniter\View\View->CodeIgniter\View\{closure}()
#3 C:\xampp7\htdocs\popoku\system\Common.php(1217): CodeIgniter\View\View->render('admin/include/h...', Array, true)
#4 C:\xampp7\htdocs\popoku\app\Controllers\Dashboard.php(11): view('admin/include/h...', Array)
#5 C:\xampp7\htdocs\popoku\system\CodeIgniter.php(936): App\Controllers\Dashboard->index()
#6 C:\xampp7\htdocs\popoku\system\CodeIgniter.php(432): CodeIgniter\CodeIgniter->runController(Object(App\Controllers\Dashboard))
#7 C:\xampp7\htdocs\popoku\system\CodeIgniter.php(333): CodeIgniter\CodeIgniter->handleRequest(NULL, Object(Config\Cache), false)
#8 C:\xampp7\htdocs\popoku\index.php(44): CodeIgniter\CodeIgniter->run()
#9 {main}
