CRITICAL - 2021-02-19 23:12:16 --> Invalid argument supplied for foreach()
#0 C:\xampp7\htdocs\popoku\app\Views\admin\v_laporan\laporan_transaksi.php(14): CodeIgniter\Debug\Exceptions->errorHandler(2, 'Invalid argumen...', 'C:\\xampp7\\htdoc...', 14, Array)
#1 C:\xampp7\htdocs\popoku\app\Views\admin\v_laporan\Laporan_list.php(17): include('C:\\xampp7\\htdoc...')
#2 C:\xampp7\htdocs\popoku\system\View\View.php(220): include('C:\\xampp7\\htdoc...')
#3 C:\xampp7\htdocs\popoku\system\View\View.php(222): CodeIgniter\View\View->CodeIgniter\View\{closure}()
#4 C:\xampp7\htdocs\popoku\system\Common.php(1217): CodeIgniter\View\View->render('admin/v_laporan...', Array, true)
#5 C:\xampp7\htdocs\popoku\app\Controllers\Laporan.php(33): view('admin/v_laporan...', Array)
#6 C:\xampp7\htdocs\popoku\system\CodeIgniter.php(936): App\Controllers\Laporan->lap_transaksi()
#7 C:\xampp7\htdocs\popoku\system\CodeIgniter.php(432): CodeIgniter\CodeIgniter->runController(Object(App\Controllers\Laporan))
#8 C:\xampp7\htdocs\popoku\system\CodeIgniter.php(333): CodeIgniter\CodeIgniter->handleRequest(NULL, Object(Config\Cache), false)
#9 C:\xampp7\htdocs\popoku\index.php(44): CodeIgniter\CodeIgniter->run()
#10 {main}
CRITICAL - 2021-02-19 23:31:33 --> include(laporan_donasi.php): failed to open stream: No such file or directory
#0 C:\xampp7\htdocs\popoku\app\Views\admin\v_laporan\laporan_list.php(13): CodeIgniter\Debug\Exceptions->errorHandler(2, 'include(laporan...', 'C:\\xampp7\\htdoc...', 13, Array)
#1 C:\xampp7\htdocs\popoku\app\Views\admin\v_laporan\laporan_list.php(13): include()
#2 C:\xampp7\htdocs\popoku\system\View\View.php(220): include('C:\\xampp7\\htdoc...')
#3 C:\xampp7\htdocs\popoku\system\View\View.php(222): CodeIgniter\View\View->CodeIgniter\View\{closure}()
#4 C:\xampp7\htdocs\popoku\system\Common.php(1217): CodeIgniter\View\View->render('admin/v_laporan...', Array, true)
#5 C:\xampp7\htdocs\popoku\app\Controllers\Laporan.php(43): view('admin/v_laporan...', Array)
#6 C:\xampp7\htdocs\popoku\system\CodeIgniter.php(936): App\Controllers\Laporan->lap_donasi()
#7 C:\xampp7\htdocs\popoku\system\CodeIgniter.php(432): CodeIgniter\CodeIgniter->runController(Object(App\Controllers\Laporan))
#8 C:\xampp7\htdocs\popoku\system\CodeIgniter.php(333): CodeIgniter\CodeIgniter->handleRequest(NULL, Object(Config\Cache), false)
#9 C:\xampp7\htdocs\popoku\index.php(44): CodeIgniter\CodeIgniter->run()
#10 {main}
