CRITICAL - 2021-02-21 00:32:49 --> Class 'App\Controllers\Model_user' not found
#0 C:\xampp7\htdocs\popoku\system\CodeIgniter.php(936): App\Controllers\Userhome->index()
#1 C:\xampp7\htdocs\popoku\system\CodeIgniter.php(432): CodeIgniter\CodeIgniter->runController(Object(App\Controllers\Userhome))
#2 C:\xampp7\htdocs\popoku\system\CodeIgniter.php(333): CodeIgniter\CodeIgniter->handleRequest(NULL, Object(Config\Cache), false)
#3 C:\xampp7\htdocs\popoku\index.php(44): CodeIgniter\CodeIgniter->run()
#4 {main}
CRITICAL - 2021-02-21 00:37:46 --> Invalid argument supplied for foreach()
#0 C:\xampp7\htdocs\popoku\app\Views\user\home.php(72): CodeIgniter\Debug\Exceptions->errorHandler(2, 'Invalid argumen...', 'C:\\xampp7\\htdoc...', 72, Array)
#1 C:\xampp7\htdocs\popoku\system\View\View.php(220): include('C:\\xampp7\\htdoc...')
#2 C:\xampp7\htdocs\popoku\system\View\View.php(222): CodeIgniter\View\View->CodeIgniter\View\{closure}()
#3 C:\xampp7\htdocs\popoku\system\Common.php(1217): CodeIgniter\View\View->render('user/home', Array, true)
#4 C:\xampp7\htdocs\popoku\app\Controllers\Userhome.php(22): view('user/home', Array)
#5 C:\xampp7\htdocs\popoku\system\CodeIgniter.php(936): App\Controllers\Userhome->index()
#6 C:\xampp7\htdocs\popoku\system\CodeIgniter.php(432): CodeIgniter\CodeIgniter->runController(Object(App\Controllers\Userhome))
#7 C:\xampp7\htdocs\popoku\system\CodeIgniter.php(333): CodeIgniter\CodeIgniter->handleRequest(NULL, Object(Config\Cache), false)
#8 C:\xampp7\htdocs\popoku\index.php(44): CodeIgniter\CodeIgniter->run()
#9 {main}
CRITICAL - 2021-02-21 00:38:04 --> Invalid argument supplied for foreach()
#0 C:\xampp7\htdocs\popoku\app\Views\user\home.php(72): CodeIgniter\Debug\Exceptions->errorHandler(2, 'Invalid argumen...', 'C:\\xampp7\\htdoc...', 72, Array)
#1 C:\xampp7\htdocs\popoku\system\View\View.php(220): include('C:\\xampp7\\htdoc...')
#2 C:\xampp7\htdocs\popoku\system\View\View.php(222): CodeIgniter\View\View->CodeIgniter\View\{closure}()
#3 C:\xampp7\htdocs\popoku\system\Common.php(1217): CodeIgniter\View\View->render('user/home', Array, true)
#4 C:\xampp7\htdocs\popoku\app\Controllers\Userhome.php(22): view('user/home', Array)
#5 C:\xampp7\htdocs\popoku\system\CodeIgniter.php(936): App\Controllers\Userhome->index()
#6 C:\xampp7\htdocs\popoku\system\CodeIgniter.php(432): CodeIgniter\CodeIgniter->runController(Object(App\Controllers\Userhome))
#7 C:\xampp7\htdocs\popoku\system\CodeIgniter.php(333): CodeIgniter\CodeIgniter->handleRequest(NULL, Object(Config\Cache), false)
#8 C:\xampp7\htdocs\popoku\index.php(44): CodeIgniter\CodeIgniter->run()
#9 {main}
CRITICAL - 2021-02-21 00:38:11 --> number_format() expects parameter 1 to be float, string given
#0 [internal function]: CodeIgniter\Debug\Exceptions->errorHandler(2, 'number_format()...', 'C:\\xampp7\\htdoc...', 7, Array)
#1 C:\xampp7\htdocs\popoku\app\Helpers\indo_helper.php(7): number_format('harga', 0, ',', '.')
#2 C:\xampp7\htdocs\popoku\app\Views\user\home.php(86): rupiah('harga')
#3 C:\xampp7\htdocs\popoku\system\View\View.php(220): include('C:\\xampp7\\htdoc...')
#4 C:\xampp7\htdocs\popoku\system\View\View.php(222): CodeIgniter\View\View->CodeIgniter\View\{closure}()
#5 C:\xampp7\htdocs\popoku\system\Common.php(1217): CodeIgniter\View\View->render('user/home', Array, true)
#6 C:\xampp7\htdocs\popoku\app\Controllers\Userhome.php(22): view('user/home', Array)
#7 C:\xampp7\htdocs\popoku\system\CodeIgniter.php(936): App\Controllers\Userhome->index()
#8 C:\xampp7\htdocs\popoku\system\CodeIgniter.php(432): CodeIgniter\CodeIgniter->runController(Object(App\Controllers\Userhome))
#9 C:\xampp7\htdocs\popoku\system\CodeIgniter.php(333): CodeIgniter\CodeIgniter->handleRequest(NULL, Object(Config\Cache), false)
#10 C:\xampp7\htdocs\popoku\index.php(44): CodeIgniter\CodeIgniter->run()
#11 {main}
CRITICAL - 2021-02-21 00:38:30 --> number_format() expects parameter 1 to be float, string given
#0 [internal function]: CodeIgniter\Debug\Exceptions->errorHandler(2, 'number_format()...', 'C:\\xampp7\\htdoc...', 7, Array)
#1 C:\xampp7\htdocs\popoku\app\Helpers\indo_helper.php(7): number_format('ada', 0, ',', '.')
#2 C:\xampp7\htdocs\popoku\app\Views\user\home.php(86): rupiah('ada')
#3 C:\xampp7\htdocs\popoku\system\View\View.php(220): include('C:\\xampp7\\htdoc...')
#4 C:\xampp7\htdocs\popoku\system\View\View.php(222): CodeIgniter\View\View->CodeIgniter\View\{closure}()
#5 C:\xampp7\htdocs\popoku\system\Common.php(1217): CodeIgniter\View\View->render('user/home', Array, true)
#6 C:\xampp7\htdocs\popoku\app\Controllers\Userhome.php(22): view('user/home', Array)
#7 C:\xampp7\htdocs\popoku\system\CodeIgniter.php(936): App\Controllers\Userhome->index()
#8 C:\xampp7\htdocs\popoku\system\CodeIgniter.php(432): CodeIgniter\CodeIgniter->runController(Object(App\Controllers\Userhome))
#9 C:\xampp7\htdocs\popoku\system\CodeIgniter.php(333): CodeIgniter\CodeIgniter->handleRequest(NULL, Object(Config\Cache), false)
#10 C:\xampp7\htdocs\popoku\index.php(44): CodeIgniter\CodeIgniter->run()
#11 {main}
CRITICAL - 2021-02-21 00:38:32 --> number_format() expects parameter 1 to be float, string given
#0 [internal function]: CodeIgniter\Debug\Exceptions->errorHandler(2, 'number_format()...', 'C:\\xampp7\\htdoc...', 7, Array)
#1 C:\xampp7\htdocs\popoku\app\Helpers\indo_helper.php(7): number_format('Sphere Api', 0, ',', '.')
#2 C:\xampp7\htdocs\popoku\app\Views\user\home.php(86): rupiah('Sphere Api')
#3 C:\xampp7\htdocs\popoku\system\View\View.php(220): include('C:\\xampp7\\htdoc...')
#4 C:\xampp7\htdocs\popoku\system\View\View.php(222): CodeIgniter\View\View->CodeIgniter\View\{closure}()
#5 C:\xampp7\htdocs\popoku\system\Common.php(1217): CodeIgniter\View\View->render('user/home', Array, true)
#6 C:\xampp7\htdocs\popoku\app\Controllers\Userhome.php(22): view('user/home', Array)
#7 C:\xampp7\htdocs\popoku\system\CodeIgniter.php(936): App\Controllers\Userhome->index()
#8 C:\xampp7\htdocs\popoku\system\CodeIgniter.php(432): CodeIgniter\CodeIgniter->runController(Object(App\Controllers\Userhome))
#9 C:\xampp7\htdocs\popoku\system\CodeIgniter.php(333): CodeIgniter\CodeIgniter->handleRequest(NULL, Object(Config\Cache), false)
#10 C:\xampp7\htdocs\popoku\index.php(44): CodeIgniter\CodeIgniter->run()
#11 {main}
CRITICAL - 2021-02-21 00:43:57 --> Invalid file: user/v_transaksi/detail_produk.php
#0 C:\xampp7\htdocs\popoku\system\View\View.php(203): CodeIgniter\Exceptions\FrameworkException::forInvalidFile('user/v_transaks...')
#1 C:\xampp7\htdocs\popoku\system\Common.php(1217): CodeIgniter\View\View->render('user/v_transaks...', Array, true)
#2 C:\xampp7\htdocs\popoku\app\Controllers\Userhome.php(38): view('user/v_transaks...', Array)
#3 C:\xampp7\htdocs\popoku\system\CodeIgniter.php(936): App\Controllers\Userhome->detail_produk('4')
#4 C:\xampp7\htdocs\popoku\system\CodeIgniter.php(432): CodeIgniter\CodeIgniter->runController(Object(App\Controllers\Userhome))
#5 C:\xampp7\htdocs\popoku\system\CodeIgniter.php(333): CodeIgniter\CodeIgniter->handleRequest(NULL, Object(Config\Cache), false)
#6 C:\xampp7\htdocs\popoku\index.php(44): CodeIgniter\CodeIgniter->run()
#7 {main}
CRITICAL - 2021-02-21 00:44:37 --> Invalid file: user/v_transaksi/detail_produk.php
#0 C:\xampp7\htdocs\popoku\system\View\View.php(203): CodeIgniter\Exceptions\FrameworkException::forInvalidFile('user/v_transaks...')
#1 C:\xampp7\htdocs\popoku\system\Common.php(1217): CodeIgniter\View\View->render('user/v_transaks...', Array, true)
#2 C:\xampp7\htdocs\popoku\app\Controllers\Userhome.php(38): view('user/v_transaks...', Array)
#3 C:\xampp7\htdocs\popoku\system\CodeIgniter.php(936): App\Controllers\Userhome->detail_produk('4')
#4 C:\xampp7\htdocs\popoku\system\CodeIgniter.php(432): CodeIgniter\CodeIgniter->runController(Object(App\Controllers\Userhome))
#5 C:\xampp7\htdocs\popoku\system\CodeIgniter.php(333): CodeIgniter\CodeIgniter->handleRequest(NULL, Object(Config\Cache), false)
#6 C:\xampp7\htdocs\popoku\index.php(44): CodeIgniter\CodeIgniter->run()
#7 {main}
CRITICAL - 2021-02-21 01:01:01 --> Too few arguments to function App\Controllers\Userhome::donasi_baru(), 0 passed in C:\xampp7\htdocs\popoku\system\CodeIgniter.php on line 936 and exactly 1 expected
#0 C:\xampp7\htdocs\popoku\system\CodeIgniter.php(936): App\Controllers\Userhome->donasi_baru()
#1 C:\xampp7\htdocs\popoku\system\CodeIgniter.php(432): CodeIgniter\CodeIgniter->runController(Object(App\Controllers\Userhome))
#2 C:\xampp7\htdocs\popoku\system\CodeIgniter.php(333): CodeIgniter\CodeIgniter->handleRequest(NULL, Object(Config\Cache), false)
#3 C:\xampp7\htdocs\popoku\index.php(44): CodeIgniter\CodeIgniter->run()
#4 {main}
CRITICAL - 2021-02-21 01:02:21 --> syntax error, unexpected end of file
#0 C:\xampp7\htdocs\popoku\system\View\View.php(222): CodeIgniter\View\View->CodeIgniter\View\{closure}()
#1 C:\xampp7\htdocs\popoku\system\Common.php(1217): CodeIgniter\View\View->render('user/v_donasi/d...', Array, true)
#2 C:\xampp7\htdocs\popoku\app\Controllers\Userhome.php(32): view('user/v_donasi/d...', Array)
#3 C:\xampp7\htdocs\popoku\system\CodeIgniter.php(936): App\Controllers\Userhome->donasi_baru()
#4 C:\xampp7\htdocs\popoku\system\CodeIgniter.php(432): CodeIgniter\CodeIgniter->runController(Object(App\Controllers\Userhome))
#5 C:\xampp7\htdocs\popoku\system\CodeIgniter.php(333): CodeIgniter\CodeIgniter->handleRequest(NULL, Object(Config\Cache), false)
#6 C:\xampp7\htdocs\popoku\index.php(44): CodeIgniter\CodeIgniter->run()
#7 {main}
CRITICAL - 2021-02-21 02:21:04 --> syntax error, unexpected 'echo' (T_ECHO)
#0 C:\xampp7\htdocs\popoku\system\View\View.php(222): CodeIgniter\View\View->CodeIgniter\View\{closure}()
#1 C:\xampp7\htdocs\popoku\system\Common.php(1217): CodeIgniter\View\View->render('user/include/he...', Array, true)
#2 C:\xampp7\htdocs\popoku\app\Controllers\Userhome.php(30): view('user/include/he...', Array)
#3 C:\xampp7\htdocs\popoku\system\CodeIgniter.php(936): App\Controllers\Userhome->donasi_baru()
#4 C:\xampp7\htdocs\popoku\system\CodeIgniter.php(432): CodeIgniter\CodeIgniter->runController(Object(App\Controllers\Userhome))
#5 C:\xampp7\htdocs\popoku\system\CodeIgniter.php(333): CodeIgniter\CodeIgniter->handleRequest(NULL, Object(Config\Cache), false)
#6 C:\xampp7\htdocs\popoku\index.php(44): CodeIgniter\CodeIgniter->run()
#7 {main}
CRITICAL - 2021-02-21 02:25:30 --> Request URI segment is out of range: 2
#0 C:\xampp7\htdocs\popoku\system\HTTP\URI.php(512): CodeIgniter\HTTP\Exceptions\HTTPException::forURISegmentOutOfRange(2)
#1 C:\xampp7\htdocs\popoku\app\Views\user\include\header.php(60): CodeIgniter\HTTP\URI->getSegment(2)
#2 C:\xampp7\htdocs\popoku\system\View\View.php(220): include('C:\\xampp7\\htdoc...')
#3 C:\xampp7\htdocs\popoku\system\View\View.php(222): CodeIgniter\View\View->CodeIgniter\View\{closure}()
#4 C:\xampp7\htdocs\popoku\system\Common.php(1217): CodeIgniter\View\View->render('user/include/he...', Array, true)
#5 C:\xampp7\htdocs\popoku\app\Controllers\Userhome.php(21): view('user/include/he...', Array)
#6 C:\xampp7\htdocs\popoku\system\CodeIgniter.php(936): App\Controllers\Userhome->index()
#7 C:\xampp7\htdocs\popoku\system\CodeIgniter.php(432): CodeIgniter\CodeIgniter->runController(Object(App\Controllers\Userhome))
#8 C:\xampp7\htdocs\popoku\system\CodeIgniter.php(333): CodeIgniter\CodeIgniter->handleRequest(NULL, Object(Config\Cache), false)
#9 C:\xampp7\htdocs\popoku\index.php(44): CodeIgniter\CodeIgniter->run()
#10 {main}
CRITICAL - 2021-02-21 02:25:46 --> Request URI segment is out of range: 2
#0 C:\xampp7\htdocs\popoku\system\HTTP\URI.php(512): CodeIgniter\HTTP\Exceptions\HTTPException::forURISegmentOutOfRange(2)
#1 C:\xampp7\htdocs\popoku\app\Views\user\include\header.php(60): CodeIgniter\HTTP\URI->getSegment(2)
#2 C:\xampp7\htdocs\popoku\system\View\View.php(220): include('C:\\xampp7\\htdoc...')
#3 C:\xampp7\htdocs\popoku\system\View\View.php(222): CodeIgniter\View\View->CodeIgniter\View\{closure}()
#4 C:\xampp7\htdocs\popoku\system\Common.php(1217): CodeIgniter\View\View->render('user/include/he...', Array, true)
#5 C:\xampp7\htdocs\popoku\app\Controllers\Userhome.php(21): view('user/include/he...', Array)
#6 C:\xampp7\htdocs\popoku\system\CodeIgniter.php(936): App\Controllers\Userhome->index()
#7 C:\xampp7\htdocs\popoku\system\CodeIgniter.php(432): CodeIgniter\CodeIgniter->runController(Object(App\Controllers\Userhome))
#8 C:\xampp7\htdocs\popoku\system\CodeIgniter.php(333): CodeIgniter\CodeIgniter->handleRequest(NULL, Object(Config\Cache), false)
#9 C:\xampp7\htdocs\popoku\index.php(44): CodeIgniter\CodeIgniter->run()
#10 {main}
CRITICAL - 2021-02-21 03:37:09 --> Invalid argument supplied for foreach()
#0 C:\xampp7\htdocs\popoku\app\Views\user\v_pelatihan\pelatihan.php(30): CodeIgniter\Debug\Exceptions->errorHandler(2, 'Invalid argumen...', 'C:\\xampp7\\htdoc...', 30, Array)
#1 C:\xampp7\htdocs\popoku\system\View\View.php(220): include('C:\\xampp7\\htdoc...')
#2 C:\xampp7\htdocs\popoku\system\View\View.php(222): CodeIgniter\View\View->CodeIgniter\View\{closure}()
#3 C:\xampp7\htdocs\popoku\system\Common.php(1217): CodeIgniter\View\View->render('user/v_pelatiha...', Array, true)
#4 C:\xampp7\htdocs\popoku\app\Controllers\Userhome.php(162): view('user/v_pelatiha...', Array)
#5 C:\xampp7\htdocs\popoku\system\CodeIgniter.php(936): App\Controllers\Userhome->pelatihan()
#6 C:\xampp7\htdocs\popoku\system\CodeIgniter.php(432): CodeIgniter\CodeIgniter->runController(Object(App\Controllers\Userhome))
#7 C:\xampp7\htdocs\popoku\system\CodeIgniter.php(333): CodeIgniter\CodeIgniter->handleRequest(NULL, Object(Config\Cache), false)
#8 C:\xampp7\htdocs\popoku\index.php(44): CodeIgniter\CodeIgniter->run()
#9 {main}
