ERROR - 2021-02-10 00:12:21 --> mysqli_sql_exception: Table 'db_popokku.users' doesn't exist in C:\xampp7\htdocs\popoku\system\Database\MySQLi\Connection.php:314
Stack trace:
#0 C:\xampp7\htdocs\popoku\system\Database\MySQLi\Connection.php(314): mysqli->query('SELECT 1\nFROM `...')
#1 C:\xampp7\htdocs\popoku\system\Database\BaseConnection.php(713): CodeIgniter\Database\MySQLi\Connection->execute('SELECT 1\nFROM `...')
#2 C:\xampp7\htdocs\popoku\system\Database\BaseConnection.php(641): CodeIgniter\Database\BaseConnection->simpleQuery('SELECT 1\nFROM `...')
#3 C:\xampp7\htdocs\popoku\system\Database\BaseBuilder.php(1866): CodeIgniter\Database\BaseConnection->query('SELECT 1\nFROM `...', Array, false)
#4 C:\xampp7\htdocs\popoku\system\Validation\Rules.php(212): CodeIgniter\Database\BaseBuilder->get()
#5 C:\xampp7\htdocs\popoku\system\Validation\Validation.php(306): CodeIgniter\Validation\Rules->is_unique('saya@saya.com', 'user_email', Array, NULL)
#6 C:\xampp7\htdocs\popoku\system\Validation\Validation.php(164): CodeIgniter\Validation\Validation->processRules('email', 'email', 'saya@saya.com', Array, Array)
#7 C:\xampp7\htdocs\popoku\system\Controller.php(181): CodeIgniter\Validation\Validation->run()
#8 C:\xampp7\htdocs\popoku\app\Controllers\Register.php(26): CodeIgniter\Controller->validate(Array)
#9 C:\xampp7\htdocs\popoku\system\CodeIgniter.php(936): App\Controllers\Register->save()
#10 C:\xampp7\htdocs\popoku\system\CodeIgniter.php(432): CodeIgniter\CodeIgniter->runController(Object(App\Controllers\Register))
#11 C:\xampp7\htdocs\popoku\system\CodeIgniter.php(333): CodeIgniter\CodeIgniter->handleRequest(NULL, Object(Config\Cache), false)
#12 C:\xampp7\htdocs\popoku\index.php(44): CodeIgniter\CodeIgniter->run()
#13 {main}
ERROR - 2021-02-10 00:17:35 --> mysqli_sql_exception: Table 'db_popokku.users' doesn't exist in C:\xampp7\htdocs\popoku\system\Database\MySQLi\Connection.php:314
Stack trace:
#0 C:\xampp7\htdocs\popoku\system\Database\MySQLi\Connection.php(314): mysqli->query('SELECT 1\nFROM `...')
#1 C:\xampp7\htdocs\popoku\system\Database\BaseConnection.php(713): CodeIgniter\Database\MySQLi\Connection->execute('SELECT 1\nFROM `...')
#2 C:\xampp7\htdocs\popoku\system\Database\BaseConnection.php(641): CodeIgniter\Database\BaseConnection->simpleQuery('SELECT 1\nFROM `...')
#3 C:\xampp7\htdocs\popoku\system\Database\BaseBuilder.php(1866): CodeIgniter\Database\BaseConnection->query('SELECT 1\nFROM `...', Array, false)
#4 C:\xampp7\htdocs\popoku\system\Validation\Rules.php(212): CodeIgniter\Database\BaseBuilder->get()
#5 C:\xampp7\htdocs\popoku\system\Validation\Validation.php(306): CodeIgniter\Validation\Rules->is_unique('nama@mail.com', 'user_email', Array, NULL)
#6 C:\xampp7\htdocs\popoku\system\Validation\Validation.php(164): CodeIgniter\Validation\Validation->processRules('email', 'email', 'nama@mail.com', Array, Array)
#7 C:\xampp7\htdocs\popoku\system\Controller.php(181): CodeIgniter\Validation\Validation->run()
#8 C:\xampp7\htdocs\popoku\app\Controllers\Register.php(26): CodeIgniter\Controller->validate(Array)
#9 C:\xampp7\htdocs\popoku\system\CodeIgniter.php(936): App\Controllers\Register->save()
#10 C:\xampp7\htdocs\popoku\system\CodeIgniter.php(432): CodeIgniter\CodeIgniter->runController(Object(App\Controllers\Register))
#11 C:\xampp7\htdocs\popoku\system\CodeIgniter.php(333): CodeIgniter\CodeIgniter->handleRequest(NULL, Object(Config\Cache), false)
#12 C:\xampp7\htdocs\popoku\index.php(44): CodeIgniter\CodeIgniter->run()
#13 {main}
CRITICAL - 2021-02-10 00:23:00 --> Invalid argument supplied for foreach()
#0 C:\xampp7\htdocs\popoku\app\Views\admin\v_kategori\kategori_list.php(30): CodeIgniter\Debug\Exceptions->errorHandler(2, 'Invalid argumen...', 'C:\\xampp7\\htdoc...', 30, Array)
#1 C:\xampp7\htdocs\popoku\system\View\View.php(220): include('C:\\xampp7\\htdoc...')
#2 C:\xampp7\htdocs\popoku\system\View\View.php(222): CodeIgniter\View\View->CodeIgniter\View\{closure}()
#3 C:\xampp7\htdocs\popoku\system\Common.php(1217): CodeIgniter\View\View->render('admin/v_kategor...', Array, true)
#4 C:\xampp7\htdocs\popoku\app\Controllers\Kategori.php(14): view('admin/v_kategor...', Array)
#5 C:\xampp7\htdocs\popoku\system\CodeIgniter.php(936): App\Controllers\Kategori->index()
#6 C:\xampp7\htdocs\popoku\system\CodeIgniter.php(432): CodeIgniter\CodeIgniter->runController(Object(App\Controllers\Kategori))
#7 C:\xampp7\htdocs\popoku\system\CodeIgniter.php(333): CodeIgniter\CodeIgniter->handleRequest(NULL, Object(Config\Cache), false)
#8 C:\xampp7\htdocs\popoku\index.php(44): CodeIgniter\CodeIgniter->run()
#9 {main}
CRITICAL - 2021-02-10 00:23:10 --> syntax error, unexpected 'endforeach' (T_ENDFOREACH), expecting end of file
#0 C:\xampp7\htdocs\popoku\system\View\View.php(222): CodeIgniter\View\View->CodeIgniter\View\{closure}()
#1 C:\xampp7\htdocs\popoku\system\Common.php(1217): CodeIgniter\View\View->render('admin/v_kategor...', Array, true)
#2 C:\xampp7\htdocs\popoku\app\Controllers\Kategori.php(14): view('admin/v_kategor...', Array)
#3 C:\xampp7\htdocs\popoku\system\CodeIgniter.php(936): App\Controllers\Kategori->index()
#4 C:\xampp7\htdocs\popoku\system\CodeIgniter.php(432): CodeIgniter\CodeIgniter->runController(Object(App\Controllers\Kategori))
#5 C:\xampp7\htdocs\popoku\system\CodeIgniter.php(333): CodeIgniter\CodeIgniter->handleRequest(NULL, Object(Config\Cache), false)
#6 C:\xampp7\htdocs\popoku\index.php(44): CodeIgniter\CodeIgniter->run()
#7 {main}
CRITICAL - 2021-02-10 00:51:32 --> Invalid argument supplied for foreach()
#0 C:\xampp7\htdocs\popoku\app\Views\admin\v_kategori\kategori_list.php(35): CodeIgniter\Debug\Exceptions->errorHandler(2, 'Invalid argumen...', 'C:\\xampp7\\htdoc...', 35, Array)
#1 C:\xampp7\htdocs\popoku\system\View\View.php(220): include('C:\\xampp7\\htdoc...')
#2 C:\xampp7\htdocs\popoku\system\View\View.php(222): CodeIgniter\View\View->CodeIgniter\View\{closure}()
#3 C:\xampp7\htdocs\popoku\system\Common.php(1217): CodeIgniter\View\View->render('admin/v_kategor...', Array, true)
#4 C:\xampp7\htdocs\popoku\app\Controllers\Kategori.php(14): view('admin/v_kategor...', Array)
#5 C:\xampp7\htdocs\popoku\system\CodeIgniter.php(936): App\Controllers\Kategori->index()
#6 C:\xampp7\htdocs\popoku\system\CodeIgniter.php(432): CodeIgniter\CodeIgniter->runController(Object(App\Controllers\Kategori))
#7 C:\xampp7\htdocs\popoku\system\CodeIgniter.php(333): CodeIgniter\CodeIgniter->handleRequest(NULL, Object(Config\Cache), false)
#8 C:\xampp7\htdocs\popoku\index.php(44): CodeIgniter\CodeIgniter->run()
#9 {main}
CRITICAL - 2021-02-10 01:25:47 --> Invalid argument supplied for foreach()
#0 C:\xampp7\htdocs\popoku\app\Views\admin\v_kategori\kategori_form.php(71): CodeIgniter\Debug\Exceptions->errorHandler(2, 'Invalid argumen...', 'C:\\xampp7\\htdoc...', 71, Array)
#1 C:\xampp7\htdocs\popoku\system\View\View.php(220): include('C:\\xampp7\\htdoc...')
#2 C:\xampp7\htdocs\popoku\system\View\View.php(222): CodeIgniter\View\View->CodeIgniter\View\{closure}()
#3 C:\xampp7\htdocs\popoku\system\Common.php(1217): CodeIgniter\View\View->render('admin/v_kategor...', Array, true)
#4 C:\xampp7\htdocs\popoku\app\Controllers\Kategori.php(25): view('admin/v_kategor...', Array)
#5 C:\xampp7\htdocs\popoku\system\CodeIgniter.php(936): App\Controllers\Kategori->add('produk')
#6 C:\xampp7\htdocs\popoku\system\CodeIgniter.php(432): CodeIgniter\CodeIgniter->runController(Object(App\Controllers\Kategori))
#7 C:\xampp7\htdocs\popoku\system\CodeIgniter.php(333): CodeIgniter\CodeIgniter->handleRequest(NULL, Object(Config\Cache), false)
#8 C:\xampp7\htdocs\popoku\index.php(44): CodeIgniter\CodeIgniter->run()
#9 {main}
CRITICAL - 2021-02-10 01:25:47 --> Invalid argument supplied for foreach()
#0 C:\xampp7\htdocs\popoku\app\Views\admin\v_kategori\kategori_form.php(71): CodeIgniter\Debug\Exceptions->errorHandler(2, 'Invalid argumen...', 'C:\\xampp7\\htdoc...', 71, Array)
#1 C:\xampp7\htdocs\popoku\system\View\View.php(220): include('C:\\xampp7\\htdoc...')
#2 C:\xampp7\htdocs\popoku\system\View\View.php(222): CodeIgniter\View\View->CodeIgniter\View\{closure}()
#3 C:\xampp7\htdocs\popoku\system\Common.php(1217): CodeIgniter\View\View->render('admin/v_kategor...', Array, true)
#4 C:\xampp7\htdocs\popoku\app\Controllers\Kategori.php(25): view('admin/v_kategor...', Array)
#5 C:\xampp7\htdocs\popoku\system\CodeIgniter.php(936): App\Controllers\Kategori->add('assets', 'images', 'avatars', '1.jpg')
#6 C:\xampp7\htdocs\popoku\system\CodeIgniter.php(432): CodeIgniter\CodeIgniter->runController(Object(App\Controllers\Kategori))
#7 C:\xampp7\htdocs\popoku\system\CodeIgniter.php(333): CodeIgniter\CodeIgniter->handleRequest(NULL, Object(Config\Cache), false)
#8 C:\xampp7\htdocs\popoku\index.php(44): CodeIgniter\CodeIgniter->run()
#9 {main}
CRITICAL - 2021-02-10 01:28:18 --> Invalid argument supplied for foreach()
#0 C:\xampp7\htdocs\popoku\app\Views\admin\v_kategori\kategori_form.php(71): CodeIgniter\Debug\Exceptions->errorHandler(2, 'Invalid argumen...', 'C:\\xampp7\\htdoc...', 71, Array)
#1 C:\xampp7\htdocs\popoku\system\View\View.php(220): include('C:\\xampp7\\htdoc...')
#2 C:\xampp7\htdocs\popoku\system\View\View.php(222): CodeIgniter\View\View->CodeIgniter\View\{closure}()
#3 C:\xampp7\htdocs\popoku\system\Common.php(1217): CodeIgniter\View\View->render('admin/v_kategor...', Array, true)
#4 C:\xampp7\htdocs\popoku\app\Controllers\Kategori.php(26): view('admin/v_kategor...', Array)
#5 C:\xampp7\htdocs\popoku\system\CodeIgniter.php(936): App\Controllers\Kategori->add('produk')
#6 C:\xampp7\htdocs\popoku\system\CodeIgniter.php(432): CodeIgniter\CodeIgniter->runController(Object(App\Controllers\Kategori))
#7 C:\xampp7\htdocs\popoku\system\CodeIgniter.php(333): CodeIgniter\CodeIgniter->handleRequest(NULL, Object(Config\Cache), false)
#8 C:\xampp7\htdocs\popoku\index.php(44): CodeIgniter\CodeIgniter->run()
#9 {main}
CRITICAL - 2021-02-10 01:28:18 --> Invalid argument supplied for foreach()
#0 C:\xampp7\htdocs\popoku\app\Views\admin\v_kategori\kategori_form.php(71): CodeIgniter\Debug\Exceptions->errorHandler(2, 'Invalid argumen...', 'C:\\xampp7\\htdoc...', 71, Array)
#1 C:\xampp7\htdocs\popoku\system\View\View.php(220): include('C:\\xampp7\\htdoc...')
#2 C:\xampp7\htdocs\popoku\system\View\View.php(222): CodeIgniter\View\View->CodeIgniter\View\{closure}()
#3 C:\xampp7\htdocs\popoku\system\Common.php(1217): CodeIgniter\View\View->render('admin/v_kategor...', Array, true)
#4 C:\xampp7\htdocs\popoku\app\Controllers\Kategori.php(26): view('admin/v_kategor...', Array)
#5 C:\xampp7\htdocs\popoku\system\CodeIgniter.php(936): App\Controllers\Kategori->add('assets', 'images', 'avatars', '1.jpg')
#6 C:\xampp7\htdocs\popoku\system\CodeIgniter.php(432): CodeIgniter\CodeIgniter->runController(Object(App\Controllers\Kategori))
#7 C:\xampp7\htdocs\popoku\system\CodeIgniter.php(333): CodeIgniter\CodeIgniter->handleRequest(NULL, Object(Config\Cache), false)
#8 C:\xampp7\htdocs\popoku\index.php(44): CodeIgniter\CodeIgniter->run()
#9 {main}
CRITICAL - 2021-02-10 01:37:10 --> You must set the database table to be used with your query.
#0 C:\xampp7\htdocs\popoku\app\Models\Model_kategori.php(30): CodeIgniter\Database\BaseConnection->table(NULL)
#1 C:\xampp7\htdocs\popoku\app\Controllers\Kategori.php(38): App\Models\Model_kategori->save_kategori_user(Array)
#2 C:\xampp7\htdocs\popoku\system\CodeIgniter.php(936): App\Controllers\Kategori->save('user')
#3 C:\xampp7\htdocs\popoku\system\CodeIgniter.php(432): CodeIgniter\CodeIgniter->runController(Object(App\Controllers\Kategori))
#4 C:\xampp7\htdocs\popoku\system\CodeIgniter.php(333): CodeIgniter\CodeIgniter->handleRequest(NULL, Object(Config\Cache), false)
#5 C:\xampp7\htdocs\popoku\index.php(44): CodeIgniter\CodeIgniter->run()
#6 {main}
CRITICAL - 2021-02-10 01:47:38 --> Invalid argument supplied for foreach()
#0 C:\xampp7\htdocs\popoku\app\Views\admin\v_user\user_form.php(71): CodeIgniter\Debug\Exceptions->errorHandler(2, 'Invalid argumen...', 'C:\\xampp7\\htdoc...', 71, Array)
#1 C:\xampp7\htdocs\popoku\system\View\View.php(220): include('C:\\xampp7\\htdoc...')
#2 C:\xampp7\htdocs\popoku\system\View\View.php(222): CodeIgniter\View\View->CodeIgniter\View\{closure}()
#3 C:\xampp7\htdocs\popoku\system\Common.php(1217): CodeIgniter\View\View->render('admin/v_user/us...', Array, true)
#4 C:\xampp7\htdocs\popoku\app\Controllers\Kategori.php(78): view('admin/v_user/us...', Array)
#5 C:\xampp7\htdocs\popoku\system\CodeIgniter.php(936): App\Controllers\Kategori->edit('user', '1')
#6 C:\xampp7\htdocs\popoku\system\CodeIgniter.php(432): CodeIgniter\CodeIgniter->runController(Object(App\Controllers\Kategori))
#7 C:\xampp7\htdocs\popoku\system\CodeIgniter.php(333): CodeIgniter\CodeIgniter->handleRequest(NULL, Object(Config\Cache), false)
#8 C:\xampp7\htdocs\popoku\index.php(44): CodeIgniter\CodeIgniter->run()
#9 {main}
CRITICAL - 2021-02-10 01:47:39 --> Invalid argument supplied for foreach()
#0 C:\xampp7\htdocs\popoku\app\Views\admin\v_user\user_form.php(71): CodeIgniter\Debug\Exceptions->errorHandler(2, 'Invalid argumen...', 'C:\\xampp7\\htdoc...', 71, Array)
#1 C:\xampp7\htdocs\popoku\system\View\View.php(220): include('C:\\xampp7\\htdoc...')
#2 C:\xampp7\htdocs\popoku\system\View\View.php(222): CodeIgniter\View\View->CodeIgniter\View\{closure}()
#3 C:\xampp7\htdocs\popoku\system\Common.php(1217): CodeIgniter\View\View->render('admin/v_user/us...', Array, true)
#4 C:\xampp7\htdocs\popoku\app\Controllers\Kategori.php(78): view('admin/v_user/us...', Array)
#5 C:\xampp7\htdocs\popoku\system\CodeIgniter.php(936): App\Controllers\Kategori->edit('user', 'assets', 'images', 'avatars', '1.jpg')
#6 C:\xampp7\htdocs\popoku\system\CodeIgniter.php(432): CodeIgniter\CodeIgniter->runController(Object(App\Controllers\Kategori))
#7 C:\xampp7\htdocs\popoku\system\CodeIgniter.php(333): CodeIgniter\CodeIgniter->handleRequest(NULL, Object(Config\Cache), false)
#8 C:\xampp7\htdocs\popoku\index.php(44): CodeIgniter\CodeIgniter->run()
#9 {main}
ERROR - 2021-02-10 02:01:07 --> mysqli_sql_exception: Unknown column 'id_level' in 'where clause' in C:\xampp7\htdocs\popoku\system\Database\MySQLi\Connection.php:314
Stack trace:
#0 C:\xampp7\htdocs\popoku\system\Database\MySQLi\Connection.php(314): mysqli->query('UPDATE `tb_kate...')
#1 C:\xampp7\htdocs\popoku\system\Database\BaseConnection.php(713): CodeIgniter\Database\MySQLi\Connection->execute('UPDATE `tb_kate...')
#2 C:\xampp7\htdocs\popoku\system\Database\BaseConnection.php(641): CodeIgniter\Database\BaseConnection->simpleQuery('UPDATE `tb_kate...')
#3 C:\xampp7\htdocs\popoku\system\Database\BaseBuilder.php(2468): CodeIgniter\Database\BaseConnection->query('UPDATE `tb_kate...', Array, false)
#4 C:\xampp7\htdocs\popoku\app\Models\Model_kategori.php(67): CodeIgniter\Database\BaseBuilder->update(Array, Array)
#5 C:\xampp7\htdocs\popoku\app\Controllers\Kategori.php(100): App\Models\Model_kategori->update_kategori_produk(Array, '3')
#6 C:\xampp7\htdocs\popoku\system\CodeIgniter.php(936): App\Controllers\Kategori->update('produk', '3')
#7 C:\xampp7\htdocs\popoku\system\CodeIgniter.php(432): CodeIgniter\CodeIgniter->runController(Object(App\Controllers\Kategori))
#8 C:\xampp7\htdocs\popoku\system\CodeIgniter.php(333): CodeIgniter\CodeIgniter->handleRequest(NULL, Object(Config\Cache), false)
#9 C:\xampp7\htdocs\popoku\index.php(44): CodeIgniter\CodeIgniter->run()
#10 {main}
CRITICAL - 2021-02-10 05:53:00 --> Cannot use object of type mysqli as array
#0 C:\xampp7\htdocs\popoku\system\View\View.php(220): include()
#1 C:\xampp7\htdocs\popoku\system\View\View.php(222): CodeIgniter\View\View->CodeIgniter\View\{closure}()
#2 C:\xampp7\htdocs\popoku\system\Common.php(1217): CodeIgniter\View\View->render('admin/v_produk/...', Array, true)
#3 C:\xampp7\htdocs\popoku\app\Controllers\Produk.php(14): view('admin/v_produk/...', Array)
#4 C:\xampp7\htdocs\popoku\system\CodeIgniter.php(936): App\Controllers\Produk->index()
#5 C:\xampp7\htdocs\popoku\system\CodeIgniter.php(432): CodeIgniter\CodeIgniter->runController(Object(App\Controllers\Produk))
#6 C:\xampp7\htdocs\popoku\system\CodeIgniter.php(333): CodeIgniter\CodeIgniter->handleRequest(NULL, Object(Config\Cache), false)
#7 C:\xampp7\htdocs\popoku\index.php(44): CodeIgniter\CodeIgniter->run()
#8 {main}
CRITICAL - 2021-02-10 05:58:38 --> Call to undefined function rupiah()
#0 C:\xampp7\htdocs\popoku\system\View\View.php(220): include()
#1 C:\xampp7\htdocs\popoku\system\View\View.php(222): CodeIgniter\View\View->CodeIgniter\View\{closure}()
#2 C:\xampp7\htdocs\popoku\system\Common.php(1217): CodeIgniter\View\View->render('admin/v_produk/...', Array, true)
#3 C:\xampp7\htdocs\popoku\app\Controllers\Produk.php(14): view('admin/v_produk/...', Array)
#4 C:\xampp7\htdocs\popoku\system\CodeIgniter.php(936): App\Controllers\Produk->index()
#5 C:\xampp7\htdocs\popoku\system\CodeIgniter.php(432): CodeIgniter\CodeIgniter->runController(Object(App\Controllers\Produk))
#6 C:\xampp7\htdocs\popoku\system\CodeIgniter.php(333): CodeIgniter\CodeIgniter->handleRequest(NULL, Object(Config\Cache), false)
#7 C:\xampp7\htdocs\popoku\index.php(44): CodeIgniter\CodeIgniter->run()
#8 {main}
CRITICAL - 2021-02-10 05:59:22 --> Call to undefined function rupiah()
#0 C:\xampp7\htdocs\popoku\system\View\View.php(220): include()
#1 C:\xampp7\htdocs\popoku\system\View\View.php(222): CodeIgniter\View\View->CodeIgniter\View\{closure}()
#2 C:\xampp7\htdocs\popoku\system\Common.php(1217): CodeIgniter\View\View->render('admin/v_produk/...', Array, true)
#3 C:\xampp7\htdocs\popoku\app\Controllers\Produk.php(14): view('admin/v_produk/...', Array)
#4 C:\xampp7\htdocs\popoku\system\CodeIgniter.php(936): App\Controllers\Produk->index()
#5 C:\xampp7\htdocs\popoku\system\CodeIgniter.php(432): CodeIgniter\CodeIgniter->runController(Object(App\Controllers\Produk))
#6 C:\xampp7\htdocs\popoku\system\CodeIgniter.php(333): CodeIgniter\CodeIgniter->handleRequest(NULL, Object(Config\Cache), false)
#7 C:\xampp7\htdocs\popoku\index.php(44): CodeIgniter\CodeIgniter->run()
#8 {main}
CRITICAL - 2021-02-10 05:59:45 --> Call to undefined function rupiah()
#0 C:\xampp7\htdocs\popoku\system\View\View.php(220): include()
#1 C:\xampp7\htdocs\popoku\system\View\View.php(222): CodeIgniter\View\View->CodeIgniter\View\{closure}()
#2 C:\xampp7\htdocs\popoku\system\Common.php(1217): CodeIgniter\View\View->render('admin/v_produk/...', Array, true)
#3 C:\xampp7\htdocs\popoku\app\Controllers\Produk.php(14): view('admin/v_produk/...', Array)
#4 C:\xampp7\htdocs\popoku\system\CodeIgniter.php(936): App\Controllers\Produk->index()
#5 C:\xampp7\htdocs\popoku\system\CodeIgniter.php(432): CodeIgniter\CodeIgniter->runController(Object(App\Controllers\Produk))
#6 C:\xampp7\htdocs\popoku\system\CodeIgniter.php(333): CodeIgniter\CodeIgniter->handleRequest(NULL, Object(Config\Cache), false)
#7 C:\xampp7\htdocs\popoku\index.php(44): CodeIgniter\CodeIgniter->run()
#8 {main}
CRITICAL - 2021-02-10 06:01:23 --> Call to undefined function rupiah()
#0 C:\xampp7\htdocs\popoku\system\View\View.php(220): include()
#1 C:\xampp7\htdocs\popoku\system\View\View.php(222): CodeIgniter\View\View->CodeIgniter\View\{closure}()
#2 C:\xampp7\htdocs\popoku\system\Common.php(1217): CodeIgniter\View\View->render('admin/v_produk/...', Array, true)
#3 C:\xampp7\htdocs\popoku\app\Controllers\Produk.php(14): view('admin/v_produk/...', Array)
#4 C:\xampp7\htdocs\popoku\system\CodeIgniter.php(936): App\Controllers\Produk->index()
#5 C:\xampp7\htdocs\popoku\system\CodeIgniter.php(432): CodeIgniter\CodeIgniter->runController(Object(App\Controllers\Produk))
#6 C:\xampp7\htdocs\popoku\system\CodeIgniter.php(333): CodeIgniter\CodeIgniter->handleRequest(NULL, Object(Config\Cache), false)
#7 C:\xampp7\htdocs\popoku\index.php(44): CodeIgniter\CodeIgniter->run()
#8 {main}
CRITICAL - 2021-02-10 06:03:12 --> Call to undefined function rupiah()
#0 C:\xampp7\htdocs\popoku\system\View\View.php(220): include()
#1 C:\xampp7\htdocs\popoku\system\View\View.php(222): CodeIgniter\View\View->CodeIgniter\View\{closure}()
#2 C:\xampp7\htdocs\popoku\system\Common.php(1217): CodeIgniter\View\View->render('admin/v_produk/...', Array, true)
#3 C:\xampp7\htdocs\popoku\app\Controllers\Produk.php(14): view('admin/v_produk/...', Array)
#4 C:\xampp7\htdocs\popoku\system\CodeIgniter.php(936): App\Controllers\Produk->index()
#5 C:\xampp7\htdocs\popoku\system\CodeIgniter.php(432): CodeIgniter\CodeIgniter->runController(Object(App\Controllers\Produk))
#6 C:\xampp7\htdocs\popoku\system\CodeIgniter.php(333): CodeIgniter\CodeIgniter->handleRequest(NULL, Object(Config\Cache), false)
#7 C:\xampp7\htdocs\popoku\index.php(44): CodeIgniter\CodeIgniter->run()
#8 {main}
CRITICAL - 2021-02-10 06:03:28 --> Call to undefined function rupiah()
#0 C:\xampp7\htdocs\popoku\system\View\View.php(220): include()
#1 C:\xampp7\htdocs\popoku\system\View\View.php(222): CodeIgniter\View\View->CodeIgniter\View\{closure}()
#2 C:\xampp7\htdocs\popoku\system\Common.php(1217): CodeIgniter\View\View->render('admin/v_produk/...', Array, true)
#3 C:\xampp7\htdocs\popoku\app\Controllers\Produk.php(14): view('admin/v_produk/...', Array)
#4 C:\xampp7\htdocs\popoku\system\CodeIgniter.php(936): App\Controllers\Produk->index()
#5 C:\xampp7\htdocs\popoku\system\CodeIgniter.php(432): CodeIgniter\CodeIgniter->runController(Object(App\Controllers\Produk))
#6 C:\xampp7\htdocs\popoku\system\CodeIgniter.php(333): CodeIgniter\CodeIgniter->handleRequest(NULL, Object(Config\Cache), false)
#7 C:\xampp7\htdocs\popoku\index.php(44): CodeIgniter\CodeIgniter->run()
#8 {main}
CRITICAL - 2021-02-10 06:03:31 --> Call to undefined function rupiah()
#0 C:\xampp7\htdocs\popoku\system\View\View.php(220): include()
#1 C:\xampp7\htdocs\popoku\system\View\View.php(222): CodeIgniter\View\View->CodeIgniter\View\{closure}()
#2 C:\xampp7\htdocs\popoku\system\Common.php(1217): CodeIgniter\View\View->render('admin/v_produk/...', Array, true)
#3 C:\xampp7\htdocs\popoku\app\Controllers\Produk.php(14): view('admin/v_produk/...', Array)
#4 C:\xampp7\htdocs\popoku\system\CodeIgniter.php(936): App\Controllers\Produk->index()
#5 C:\xampp7\htdocs\popoku\system\CodeIgniter.php(432): CodeIgniter\CodeIgniter->runController(Object(App\Controllers\Produk))
#6 C:\xampp7\htdocs\popoku\system\CodeIgniter.php(333): CodeIgniter\CodeIgniter->handleRequest(NULL, Object(Config\Cache), false)
#7 C:\xampp7\htdocs\popoku\index.php(44): CodeIgniter\CodeIgniter->run()
#8 {main}
CRITICAL - 2021-02-10 06:03:31 --> Call to undefined function rupiah()
#0 C:\xampp7\htdocs\popoku\system\View\View.php(220): include()
#1 C:\xampp7\htdocs\popoku\system\View\View.php(222): CodeIgniter\View\View->CodeIgniter\View\{closure}()
#2 C:\xampp7\htdocs\popoku\system\Common.php(1217): CodeIgniter\View\View->render('admin/v_produk/...', Array, true)
#3 C:\xampp7\htdocs\popoku\app\Controllers\Produk.php(14): view('admin/v_produk/...', Array)
#4 C:\xampp7\htdocs\popoku\system\CodeIgniter.php(936): App\Controllers\Produk->index()
#5 C:\xampp7\htdocs\popoku\system\CodeIgniter.php(432): CodeIgniter\CodeIgniter->runController(Object(App\Controllers\Produk))
#6 C:\xampp7\htdocs\popoku\system\CodeIgniter.php(333): CodeIgniter\CodeIgniter->handleRequest(NULL, Object(Config\Cache), false)
#7 C:\xampp7\htdocs\popoku\index.php(44): CodeIgniter\CodeIgniter->run()
#8 {main}
CRITICAL - 2021-02-10 06:05:15 --> Call to undefined function rupiah()
#0 C:\xampp7\htdocs\popoku\system\View\View.php(220): include()
#1 C:\xampp7\htdocs\popoku\system\View\View.php(222): CodeIgniter\View\View->CodeIgniter\View\{closure}()
#2 C:\xampp7\htdocs\popoku\system\Common.php(1217): CodeIgniter\View\View->render('admin/v_produk/...', Array, true)
#3 C:\xampp7\htdocs\popoku\app\Controllers\Produk.php(14): view('admin/v_produk/...', Array)
#4 C:\xampp7\htdocs\popoku\system\CodeIgniter.php(936): App\Controllers\Produk->index()
#5 C:\xampp7\htdocs\popoku\system\CodeIgniter.php(432): CodeIgniter\CodeIgniter->runController(Object(App\Controllers\Produk))
#6 C:\xampp7\htdocs\popoku\system\CodeIgniter.php(333): CodeIgniter\CodeIgniter->handleRequest(NULL, Object(Config\Cache), false)
#7 C:\xampp7\htdocs\popoku\index.php(44): CodeIgniter\CodeIgniter->run()
#8 {main}
CRITICAL - 2021-02-10 06:05:30 --> Call to undefined function rupiah()
#0 C:\xampp7\htdocs\popoku\system\View\View.php(220): include()
#1 C:\xampp7\htdocs\popoku\system\View\View.php(222): CodeIgniter\View\View->CodeIgniter\View\{closure}()
#2 C:\xampp7\htdocs\popoku\system\Common.php(1217): CodeIgniter\View\View->render('admin/v_produk/...', Array, true)
#3 C:\xampp7\htdocs\popoku\app\Controllers\Produk.php(14): view('admin/v_produk/...', Array)
#4 C:\xampp7\htdocs\popoku\system\CodeIgniter.php(936): App\Controllers\Produk->index()
#5 C:\xampp7\htdocs\popoku\system\CodeIgniter.php(432): CodeIgniter\CodeIgniter->runController(Object(App\Controllers\Produk))
#6 C:\xampp7\htdocs\popoku\system\CodeIgniter.php(333): CodeIgniter\CodeIgniter->handleRequest(NULL, Object(Config\Cache), false)
#7 C:\xampp7\htdocs\popoku\index.php(44): CodeIgniter\CodeIgniter->run()
#8 {main}
CRITICAL - 2021-02-10 06:06:25 --> Call to undefined function rupiah()
#0 C:\xampp7\htdocs\popoku\system\View\View.php(220): include()
#1 C:\xampp7\htdocs\popoku\system\View\View.php(222): CodeIgniter\View\View->CodeIgniter\View\{closure}()
#2 C:\xampp7\htdocs\popoku\system\Common.php(1217): CodeIgniter\View\View->render('admin/v_produk/...', Array, true)
#3 C:\xampp7\htdocs\popoku\app\Controllers\Produk.php(15): view('admin/v_produk/...', Array)
#4 C:\xampp7\htdocs\popoku\system\CodeIgniter.php(936): App\Controllers\Produk->index()
#5 C:\xampp7\htdocs\popoku\system\CodeIgniter.php(432): CodeIgniter\CodeIgniter->runController(Object(App\Controllers\Produk))
#6 C:\xampp7\htdocs\popoku\system\CodeIgniter.php(333): CodeIgniter\CodeIgniter->handleRequest(NULL, Object(Config\Cache), false)
#7 C:\xampp7\htdocs\popoku\index.php(44): CodeIgniter\CodeIgniter->run()
#8 {main}
CRITICAL - 2021-02-10 06:06:50 --> Call to undefined function rupiah()
#0 C:\xampp7\htdocs\popoku\system\View\View.php(220): include()
#1 C:\xampp7\htdocs\popoku\system\View\View.php(222): CodeIgniter\View\View->CodeIgniter\View\{closure}()
#2 C:\xampp7\htdocs\popoku\system\Common.php(1217): CodeIgniter\View\View->render('admin/v_produk/...', Array, true)
#3 C:\xampp7\htdocs\popoku\app\Controllers\Produk.php(14): view('admin/v_produk/...', Array)
#4 C:\xampp7\htdocs\popoku\system\CodeIgniter.php(936): App\Controllers\Produk->index()
#5 C:\xampp7\htdocs\popoku\system\CodeIgniter.php(432): CodeIgniter\CodeIgniter->runController(Object(App\Controllers\Produk))
#6 C:\xampp7\htdocs\popoku\system\CodeIgniter.php(333): CodeIgniter\CodeIgniter->handleRequest(NULL, Object(Config\Cache), false)
#7 C:\xampp7\htdocs\popoku\index.php(44): CodeIgniter\CodeIgniter->run()
#8 {main}
CRITICAL - 2021-02-10 06:10:32 --> Call to undefined function rupiah()
#0 C:\xampp7\htdocs\popoku\system\View\View.php(220): include()
#1 C:\xampp7\htdocs\popoku\system\View\View.php(222): CodeIgniter\View\View->CodeIgniter\View\{closure}()
#2 C:\xampp7\htdocs\popoku\system\Common.php(1217): CodeIgniter\View\View->render('admin/v_produk/...', Array, true)
#3 C:\xampp7\htdocs\popoku\app\Controllers\Produk.php(15): view('admin/v_produk/...', Array)
#4 C:\xampp7\htdocs\popoku\system\CodeIgniter.php(936): App\Controllers\Produk->index()
#5 C:\xampp7\htdocs\popoku\system\CodeIgniter.php(432): CodeIgniter\CodeIgniter->runController(Object(App\Controllers\Produk))
#6 C:\xampp7\htdocs\popoku\system\CodeIgniter.php(333): CodeIgniter\CodeIgniter->handleRequest(NULL, Object(Config\Cache), false)
#7 C:\xampp7\htdocs\popoku\index.php(44): CodeIgniter\CodeIgniter->run()
#8 {main}
CRITICAL - 2021-02-10 06:11:13 --> Call to undefined function rupiah()
#0 C:\xampp7\htdocs\popoku\system\View\View.php(220): include()
#1 C:\xampp7\htdocs\popoku\system\View\View.php(222): CodeIgniter\View\View->CodeIgniter\View\{closure}()
#2 C:\xampp7\htdocs\popoku\system\Common.php(1217): CodeIgniter\View\View->render('admin/v_produk/...', Array, true)
#3 C:\xampp7\htdocs\popoku\app\Controllers\Produk.php(15): view('admin/v_produk/...', Array)
#4 C:\xampp7\htdocs\popoku\system\CodeIgniter.php(936): App\Controllers\Produk->index()
#5 C:\xampp7\htdocs\popoku\system\CodeIgniter.php(432): CodeIgniter\CodeIgniter->runController(Object(App\Controllers\Produk))
#6 C:\xampp7\htdocs\popoku\system\CodeIgniter.php(333): CodeIgniter\CodeIgniter->handleRequest(NULL, Object(Config\Cache), false)
#7 C:\xampp7\htdocs\popoku\index.php(44): CodeIgniter\CodeIgniter->run()
#8 {main}
CRITICAL - 2021-02-10 06:11:19 --> syntax error, unexpected '?>'
#0 C:\xampp7\htdocs\popoku\system\View\View.php(222): CodeIgniter\View\View->CodeIgniter\View\{closure}()
#1 C:\xampp7\htdocs\popoku\system\Common.php(1217): CodeIgniter\View\View->render('admin/v_produk/...', Array, true)
#2 C:\xampp7\htdocs\popoku\app\Controllers\Produk.php(15): view('admin/v_produk/...', Array)
#3 C:\xampp7\htdocs\popoku\system\CodeIgniter.php(936): App\Controllers\Produk->index()
#4 C:\xampp7\htdocs\popoku\system\CodeIgniter.php(432): CodeIgniter\CodeIgniter->runController(Object(App\Controllers\Produk))
#5 C:\xampp7\htdocs\popoku\system\CodeIgniter.php(333): CodeIgniter\CodeIgniter->handleRequest(NULL, Object(Config\Cache), false)
#6 C:\xampp7\htdocs\popoku\index.php(44): CodeIgniter\CodeIgniter->run()
#7 {main}
CRITICAL - 2021-02-10 06:11:27 --> syntax error, unexpected '?>'
#0 C:\xampp7\htdocs\popoku\system\View\View.php(222): CodeIgniter\View\View->CodeIgniter\View\{closure}()
#1 C:\xampp7\htdocs\popoku\system\Common.php(1217): CodeIgniter\View\View->render('admin/v_produk/...', Array, true)
#2 C:\xampp7\htdocs\popoku\app\Controllers\Produk.php(15): view('admin/v_produk/...', Array)
#3 C:\xampp7\htdocs\popoku\system\CodeIgniter.php(936): App\Controllers\Produk->index()
#4 C:\xampp7\htdocs\popoku\system\CodeIgniter.php(432): CodeIgniter\CodeIgniter->runController(Object(App\Controllers\Produk))
#5 C:\xampp7\htdocs\popoku\system\CodeIgniter.php(333): CodeIgniter\CodeIgniter->handleRequest(NULL, Object(Config\Cache), false)
#6 C:\xampp7\htdocs\popoku\index.php(44): CodeIgniter\CodeIgniter->run()
#7 {main}
CRITICAL - 2021-02-10 06:11:57 --> Call to undefined function rupiah()
#0 C:\xampp7\htdocs\popoku\system\View\View.php(220): include()
#1 C:\xampp7\htdocs\popoku\system\View\View.php(222): CodeIgniter\View\View->CodeIgniter\View\{closure}()
#2 C:\xampp7\htdocs\popoku\system\Common.php(1217): CodeIgniter\View\View->render('admin/v_produk/...', Array, true)
#3 C:\xampp7\htdocs\popoku\app\Controllers\Produk.php(15): view('admin/v_produk/...', Array)
#4 C:\xampp7\htdocs\popoku\system\CodeIgniter.php(936): App\Controllers\Produk->index()
#5 C:\xampp7\htdocs\popoku\system\CodeIgniter.php(432): CodeIgniter\CodeIgniter->runController(Object(App\Controllers\Produk))
#6 C:\xampp7\htdocs\popoku\system\CodeIgniter.php(333): CodeIgniter\CodeIgniter->handleRequest(NULL, Object(Config\Cache), false)
#7 C:\xampp7\htdocs\popoku\index.php(44): CodeIgniter\CodeIgniter->run()
#8 {main}
CRITICAL - 2021-02-10 06:13:03 --> Call to undefined function rupiah()
#0 C:\xampp7\htdocs\popoku\system\View\View.php(220): include()
#1 C:\xampp7\htdocs\popoku\system\View\View.php(222): CodeIgniter\View\View->CodeIgniter\View\{closure}()
#2 C:\xampp7\htdocs\popoku\system\Common.php(1217): CodeIgniter\View\View->render('admin/v_produk/...', Array, true)
#3 C:\xampp7\htdocs\popoku\app\Controllers\Produk.php(15): view('admin/v_produk/...', Array)
#4 C:\xampp7\htdocs\popoku\system\CodeIgniter.php(936): App\Controllers\Produk->index()
#5 C:\xampp7\htdocs\popoku\system\CodeIgniter.php(432): CodeIgniter\CodeIgniter->runController(Object(App\Controllers\Produk))
#6 C:\xampp7\htdocs\popoku\system\CodeIgniter.php(333): CodeIgniter\CodeIgniter->handleRequest(NULL, Object(Config\Cache), false)
#7 C:\xampp7\htdocs\popoku\index.php(44): CodeIgniter\CodeIgniter->run()
#8 {main}
CRITICAL - 2021-02-10 06:13:15 --> Call to a member function rupiah() on null
#0 C:\xampp7\htdocs\popoku\system\View\View.php(220): include()
#1 C:\xampp7\htdocs\popoku\system\View\View.php(222): CodeIgniter\View\View->CodeIgniter\View\{closure}()
#2 C:\xampp7\htdocs\popoku\system\Common.php(1217): CodeIgniter\View\View->render('admin/v_produk/...', Array, true)
#3 C:\xampp7\htdocs\popoku\app\Controllers\Produk.php(15): view('admin/v_produk/...', Array)
#4 C:\xampp7\htdocs\popoku\system\CodeIgniter.php(936): App\Controllers\Produk->index()
#5 C:\xampp7\htdocs\popoku\system\CodeIgniter.php(432): CodeIgniter\CodeIgniter->runController(Object(App\Controllers\Produk))
#6 C:\xampp7\htdocs\popoku\system\CodeIgniter.php(333): CodeIgniter\CodeIgniter->handleRequest(NULL, Object(Config\Cache), false)
#7 C:\xampp7\htdocs\popoku\index.php(44): CodeIgniter\CodeIgniter->run()
#8 {main}
CRITICAL - 2021-02-10 06:13:40 --> Call to undefined function indo()
#0 C:\xampp7\htdocs\popoku\system\View\View.php(220): include()
#1 C:\xampp7\htdocs\popoku\system\View\View.php(222): CodeIgniter\View\View->CodeIgniter\View\{closure}()
#2 C:\xampp7\htdocs\popoku\system\Common.php(1217): CodeIgniter\View\View->render('admin/v_produk/...', Array, true)
#3 C:\xampp7\htdocs\popoku\app\Controllers\Produk.php(15): view('admin/v_produk/...', Array)
#4 C:\xampp7\htdocs\popoku\system\CodeIgniter.php(936): App\Controllers\Produk->index()
#5 C:\xampp7\htdocs\popoku\system\CodeIgniter.php(432): CodeIgniter\CodeIgniter->runController(Object(App\Controllers\Produk))
#6 C:\xampp7\htdocs\popoku\system\CodeIgniter.php(333): CodeIgniter\CodeIgniter->handleRequest(NULL, Object(Config\Cache), false)
#7 C:\xampp7\htdocs\popoku\index.php(44): CodeIgniter\CodeIgniter->run()
#8 {main}
CRITICAL - 2021-02-10 06:27:05 --> You must set the database table to be used with your query.
#0 C:\xampp7\htdocs\popoku\system\Model.php(615): CodeIgniter\Database\BaseConnection->table(NULL)
#1 C:\xampp7\htdocs\popoku\system\Model.php(834): CodeIgniter\Model->builder()
#2 C:\xampp7\htdocs\popoku\app\Controllers\Produk.php(36): CodeIgniter\Model->__call('get_produk', Array)
#3 C:\xampp7\htdocs\popoku\system\CodeIgniter.php(936): App\Controllers\Produk->edit('1')
#4 C:\xampp7\htdocs\popoku\system\CodeIgniter.php(432): CodeIgniter\CodeIgniter->runController(Object(App\Controllers\Produk))
#5 C:\xampp7\htdocs\popoku\system\CodeIgniter.php(333): CodeIgniter\CodeIgniter->handleRequest(NULL, Object(Config\Cache), false)
#6 C:\xampp7\htdocs\popoku\index.php(44): CodeIgniter\CodeIgniter->run()
#7 {main}
ERROR - 2021-02-10 06:35:33 --> mysqli_sql_exception: You have an error in your SQL syntax; check the manual that corresponds to your MariaDB server version for the right syntax to use near '`a` (`id_kategori`, `nama_produk`, `harga`, `deskripsi_produk`, `stok_produk`...' at line 1 in C:\xampp7\htdocs\popoku\system\Database\MySQLi\Connection.php:314
Stack trace:
#0 C:\xampp7\htdocs\popoku\system\Database\MySQLi\Connection.php(314): mysqli->query('INSERT INTO `tb...')
#1 C:\xampp7\htdocs\popoku\system\Database\BaseConnection.php(713): CodeIgniter\Database\MySQLi\Connection->execute('INSERT INTO `tb...')
#2 C:\xampp7\htdocs\popoku\system\Database\BaseConnection.php(641): CodeIgniter\Database\BaseConnection->simpleQuery('INSERT INTO `tb...')
#3 C:\xampp7\htdocs\popoku\system\Database\BaseBuilder.php(2263): CodeIgniter\Database\BaseConnection->query('INSERT INTO `tb...', Array, false)
#4 C:\xampp7\htdocs\popoku\app\Models\Model_Produk.php(22): CodeIgniter\Database\BaseBuilder->insert(Array)
#5 C:\xampp7\htdocs\popoku\app\Controllers\Produk.php(60): App\Models\Model_produk->save_produk(Array)
#6 C:\xampp7\htdocs\popoku\system\CodeIgniter.php(936): App\Controllers\Produk->save()
#7 C:\xampp7\htdocs\popoku\system\CodeIgniter.php(432): CodeIgniter\CodeIgniter->runController(Object(App\Controllers\Produk))
#8 C:\xampp7\htdocs\popoku\system\CodeIgniter.php(333): CodeIgniter\CodeIgniter->handleRequest(NULL, Object(Config\Cache), false)
#9 C:\xampp7\htdocs\popoku\index.php(44): CodeIgniter\CodeIgniter->run()
#10 {main}
ERROR - 2021-02-10 06:37:11 --> mysqli_sql_exception: You have an error in your SQL syntax; check the manual that corresponds to your MariaDB server version for the right syntax to use near '`a` (`id_kategori`, `nama_produk`, `harga`, `deskripsi_produk`, `stok_produk`...' at line 1 in C:\xampp7\htdocs\popoku\system\Database\MySQLi\Connection.php:314
Stack trace:
#0 C:\xampp7\htdocs\popoku\system\Database\MySQLi\Connection.php(314): mysqli->query('INSERT INTO `tb...')
#1 C:\xampp7\htdocs\popoku\system\Database\BaseConnection.php(713): CodeIgniter\Database\MySQLi\Connection->execute('INSERT INTO `tb...')
#2 C:\xampp7\htdocs\popoku\system\Database\BaseConnection.php(641): CodeIgniter\Database\BaseConnection->simpleQuery('INSERT INTO `tb...')
#3 C:\xampp7\htdocs\popoku\system\Database\BaseBuilder.php(2263): CodeIgniter\Database\BaseConnection->query('INSERT INTO `tb...', Array, false)
#4 C:\xampp7\htdocs\popoku\app\Models\Model_Produk.php(22): CodeIgniter\Database\BaseBuilder->insert(Array)
#5 C:\xampp7\htdocs\popoku\app\Controllers\Produk.php(60): App\Models\Model_produk->save_produk(Array)
#6 C:\xampp7\htdocs\popoku\system\CodeIgniter.php(936): App\Controllers\Produk->save()
#7 C:\xampp7\htdocs\popoku\system\CodeIgniter.php(432): CodeIgniter\CodeIgniter->runController(Object(App\Controllers\Produk))
#8 C:\xampp7\htdocs\popoku\system\CodeIgniter.php(333): CodeIgniter\CodeIgniter->handleRequest(NULL, Object(Config\Cache), false)
#9 C:\xampp7\htdocs\popoku\index.php(44): CodeIgniter\CodeIgniter->run()
#10 {main}
ERROR - 2021-02-10 06:37:55 --> mysqli_sql_exception: You have an error in your SQL syntax; check the manual that corresponds to your MariaDB server version for the right syntax to use near '`a` (`id_kategori`, `nama_produk`, `harga`, `deskripsi_produk`, `stok_produk`...' at line 1 in C:\xampp7\htdocs\popoku\system\Database\MySQLi\Connection.php:314
Stack trace:
#0 C:\xampp7\htdocs\popoku\system\Database\MySQLi\Connection.php(314): mysqli->query('INSERT INTO `tb...')
#1 C:\xampp7\htdocs\popoku\system\Database\BaseConnection.php(713): CodeIgniter\Database\MySQLi\Connection->execute('INSERT INTO `tb...')
#2 C:\xampp7\htdocs\popoku\system\Database\BaseConnection.php(641): CodeIgniter\Database\BaseConnection->simpleQuery('INSERT INTO `tb...')
#3 C:\xampp7\htdocs\popoku\system\Database\BaseBuilder.php(2263): CodeIgniter\Database\BaseConnection->query('INSERT INTO `tb...', Array, false)
#4 C:\xampp7\htdocs\popoku\app\Models\Model_Produk.php(22): CodeIgniter\Database\BaseBuilder->insert(Array)
#5 C:\xampp7\htdocs\popoku\app\Controllers\Produk.php(61): App\Models\Model_produk->save_produk(Array)
#6 C:\xampp7\htdocs\popoku\system\CodeIgniter.php(936): App\Controllers\Produk->save()
#7 C:\xampp7\htdocs\popoku\system\CodeIgniter.php(432): CodeIgniter\CodeIgniter->runController(Object(App\Controllers\Produk))
#8 C:\xampp7\htdocs\popoku\system\CodeIgniter.php(333): CodeIgniter\CodeIgniter->handleRequest(NULL, Object(Config\Cache), false)
#9 C:\xampp7\htdocs\popoku\index.php(44): CodeIgniter\CodeIgniter->run()
#10 {main}
ERROR - 2021-02-10 06:39:18 --> mysqli_sql_exception: You have an error in your SQL syntax; check the manual that corresponds to your MariaDB server version for the right syntax to use near '`a` (`id_kategori`, `nama_produk`, `harga`, `deskripsi_produk`, `stok_produk`...' at line 1 in C:\xampp7\htdocs\popoku\system\Database\MySQLi\Connection.php:314
Stack trace:
#0 C:\xampp7\htdocs\popoku\system\Database\MySQLi\Connection.php(314): mysqli->query('INSERT INTO `tb...')
#1 C:\xampp7\htdocs\popoku\system\Database\BaseConnection.php(713): CodeIgniter\Database\MySQLi\Connection->execute('INSERT INTO `tb...')
#2 C:\xampp7\htdocs\popoku\system\Database\BaseConnection.php(641): CodeIgniter\Database\BaseConnection->simpleQuery('INSERT INTO `tb...')
#3 C:\xampp7\htdocs\popoku\system\Database\BaseBuilder.php(2263): CodeIgniter\Database\BaseConnection->query('INSERT INTO `tb...', Array, false)
#4 C:\xampp7\htdocs\popoku\app\Models\Model_Produk.php(22): CodeIgniter\Database\BaseBuilder->insert(Array)
#5 C:\xampp7\htdocs\popoku\app\Controllers\Produk.php(61): App\Models\Model_produk->save_produk(Array)
#6 C:\xampp7\htdocs\popoku\system\CodeIgniter.php(936): App\Controllers\Produk->save()
#7 C:\xampp7\htdocs\popoku\system\CodeIgniter.php(432): CodeIgniter\CodeIgniter->runController(Object(App\Controllers\Produk))
#8 C:\xampp7\htdocs\popoku\system\CodeIgniter.php(333): CodeIgniter\CodeIgniter->handleRequest(NULL, Object(Config\Cache), false)
#9 C:\xampp7\htdocs\popoku\index.php(44): CodeIgniter\CodeIgniter->run()
#10 {main}
ERROR - 2021-02-10 06:39:39 --> mysqli_sql_exception: You have an error in your SQL syntax; check the manual that corresponds to your MariaDB server version for the right syntax to use near '`a` (`id_kategori`, `nama_produk`, `harga`, `deskripsi_produk`, `stok_produk`...' at line 1 in C:\xampp7\htdocs\popoku\system\Database\MySQLi\Connection.php:314
Stack trace:
#0 C:\xampp7\htdocs\popoku\system\Database\MySQLi\Connection.php(314): mysqli->query('INSERT INTO `tb...')
#1 C:\xampp7\htdocs\popoku\system\Database\BaseConnection.php(713): CodeIgniter\Database\MySQLi\Connection->execute('INSERT INTO `tb...')
#2 C:\xampp7\htdocs\popoku\system\Database\BaseConnection.php(641): CodeIgniter\Database\BaseConnection->simpleQuery('INSERT INTO `tb...')
#3 C:\xampp7\htdocs\popoku\system\Database\BaseBuilder.php(2263): CodeIgniter\Database\BaseConnection->query('INSERT INTO `tb...', Array, false)
#4 C:\xampp7\htdocs\popoku\app\Models\Model_Produk.php(22): CodeIgniter\Database\BaseBuilder->insert(Array)
#5 C:\xampp7\htdocs\popoku\app\Controllers\Produk.php(60): App\Models\Model_produk->save_produk(Array)
#6 C:\xampp7\htdocs\popoku\system\CodeIgniter.php(936): App\Controllers\Produk->save()
#7 C:\xampp7\htdocs\popoku\system\CodeIgniter.php(432): CodeIgniter\CodeIgniter->runController(Object(App\Controllers\Produk))
#8 C:\xampp7\htdocs\popoku\system\CodeIgniter.php(333): CodeIgniter\CodeIgniter->handleRequest(NULL, Object(Config\Cache), false)
#9 C:\xampp7\htdocs\popoku\index.php(44): CodeIgniter\CodeIgniter->run()
#10 {main}
ERROR - 2021-02-10 06:40:37 --> mysqli_sql_exception: You have an error in your SQL syntax; check the manual that corresponds to your MariaDB server version for the right syntax to use near '`a` (`id_kategori`, `nama_produk`, `harga`, `deskripsi_produk`, `stok_produk`...' at line 1 in C:\xampp7\htdocs\popoku\system\Database\MySQLi\Connection.php:314
Stack trace:
#0 C:\xampp7\htdocs\popoku\system\Database\MySQLi\Connection.php(314): mysqli->query('INSERT INTO `tb...')
#1 C:\xampp7\htdocs\popoku\system\Database\BaseConnection.php(713): CodeIgniter\Database\MySQLi\Connection->execute('INSERT INTO `tb...')
#2 C:\xampp7\htdocs\popoku\system\Database\BaseConnection.php(641): CodeIgniter\Database\BaseConnection->simpleQuery('INSERT INTO `tb...')
#3 C:\xampp7\htdocs\popoku\system\Database\BaseBuilder.php(2263): CodeIgniter\Database\BaseConnection->query('INSERT INTO `tb...', Array, false)
#4 C:\xampp7\htdocs\popoku\app\Models\Model_Produk.php(22): CodeIgniter\Database\BaseBuilder->insert(Array)
#5 C:\xampp7\htdocs\popoku\app\Controllers\Produk.php(60): App\Models\Model_produk->save_produk(Array)
#6 C:\xampp7\htdocs\popoku\system\CodeIgniter.php(936): App\Controllers\Produk->save()
#7 C:\xampp7\htdocs\popoku\system\CodeIgniter.php(432): CodeIgniter\CodeIgniter->runController(Object(App\Controllers\Produk))
#8 C:\xampp7\htdocs\popoku\system\CodeIgniter.php(333): CodeIgniter\CodeIgniter->handleRequest(NULL, Object(Config\Cache), false)
#9 C:\xampp7\htdocs\popoku\index.php(44): CodeIgniter\CodeIgniter->run()
#10 {main}
CRITICAL - 2021-02-10 06:40:37 --> Cannot use object of type CodeIgniter\Database\MySQLi\Result as array
#0 C:\xampp7\htdocs\popoku\system\CodeIgniter.php(936): App\Controllers\Produk->save()
#1 C:\xampp7\htdocs\popoku\system\CodeIgniter.php(432): CodeIgniter\CodeIgniter->runController(Object(App\Controllers\Produk))
#2 C:\xampp7\htdocs\popoku\system\CodeIgniter.php(333): CodeIgniter\CodeIgniter->handleRequest(NULL, Object(Config\Cache), false)
#3 C:\xampp7\htdocs\popoku\index.php(44): CodeIgniter\CodeIgniter->run()
#4 {main}
ERROR - 2021-02-10 06:40:58 --> mysqli_sql_exception: You have an error in your SQL syntax; check the manual that corresponds to your MariaDB server version for the right syntax to use near '`a` (`id_kategori`, `nama_produk`, `harga`, `deskripsi_produk`, `stok_produk`...' at line 1 in C:\xampp7\htdocs\popoku\system\Database\MySQLi\Connection.php:314
Stack trace:
#0 C:\xampp7\htdocs\popoku\system\Database\MySQLi\Connection.php(314): mysqli->query('INSERT INTO `tb...')
#1 C:\xampp7\htdocs\popoku\system\Database\BaseConnection.php(713): CodeIgniter\Database\MySQLi\Connection->execute('INSERT INTO `tb...')
#2 C:\xampp7\htdocs\popoku\system\Database\BaseConnection.php(641): CodeIgniter\Database\BaseConnection->simpleQuery('INSERT INTO `tb...')
#3 C:\xampp7\htdocs\popoku\system\Database\BaseBuilder.php(2263): CodeIgniter\Database\BaseConnection->query('INSERT INTO `tb...', Array, false)
#4 C:\xampp7\htdocs\popoku\app\Models\Model_Produk.php(22): CodeIgniter\Database\BaseBuilder->insert(Array)
#5 C:\xampp7\htdocs\popoku\app\Controllers\Produk.php(60): App\Models\Model_produk->save_produk(Array)
#6 C:\xampp7\htdocs\popoku\system\CodeIgniter.php(936): App\Controllers\Produk->save()
#7 C:\xampp7\htdocs\popoku\system\CodeIgniter.php(432): CodeIgniter\CodeIgniter->runController(Object(App\Controllers\Produk))
#8 C:\xampp7\htdocs\popoku\system\CodeIgniter.php(333): CodeIgniter\CodeIgniter->handleRequest(NULL, Object(Config\Cache), false)
#9 C:\xampp7\htdocs\popoku\index.php(44): CodeIgniter\CodeIgniter->run()
#10 {main}
CRITICAL - 2021-02-10 06:40:58 --> Call to undefined method CodeIgniter\Database\MySQLi\Result::row()
#0 C:\xampp7\htdocs\popoku\system\CodeIgniter.php(936): App\Controllers\Produk->save()
#1 C:\xampp7\htdocs\popoku\system\CodeIgniter.php(432): CodeIgniter\CodeIgniter->runController(Object(App\Controllers\Produk))
#2 C:\xampp7\htdocs\popoku\system\CodeIgniter.php(333): CodeIgniter\CodeIgniter->handleRequest(NULL, Object(Config\Cache), false)
#3 C:\xampp7\htdocs\popoku\index.php(44): CodeIgniter\CodeIgniter->run()
#4 {main}
ERROR - 2021-02-10 06:41:05 --> mysqli_sql_exception: You have an error in your SQL syntax; check the manual that corresponds to your MariaDB server version for the right syntax to use near '`a` (`id_kategori`, `nama_produk`, `harga`, `deskripsi_produk`, `stok_produk`...' at line 1 in C:\xampp7\htdocs\popoku\system\Database\MySQLi\Connection.php:314
Stack trace:
#0 C:\xampp7\htdocs\popoku\system\Database\MySQLi\Connection.php(314): mysqli->query('INSERT INTO `tb...')
#1 C:\xampp7\htdocs\popoku\system\Database\BaseConnection.php(713): CodeIgniter\Database\MySQLi\Connection->execute('INSERT INTO `tb...')
#2 C:\xampp7\htdocs\popoku\system\Database\BaseConnection.php(641): CodeIgniter\Database\BaseConnection->simpleQuery('INSERT INTO `tb...')
#3 C:\xampp7\htdocs\popoku\system\Database\BaseBuilder.php(2263): CodeIgniter\Database\BaseConnection->query('INSERT INTO `tb...', Array, false)
#4 C:\xampp7\htdocs\popoku\app\Models\Model_Produk.php(22): CodeIgniter\Database\BaseBuilder->insert(Array)
#5 C:\xampp7\htdocs\popoku\app\Controllers\Produk.php(60): App\Models\Model_produk->save_produk(Array)
#6 C:\xampp7\htdocs\popoku\system\CodeIgniter.php(936): App\Controllers\Produk->save()
#7 C:\xampp7\htdocs\popoku\system\CodeIgniter.php(432): CodeIgniter\CodeIgniter->runController(Object(App\Controllers\Produk))
#8 C:\xampp7\htdocs\popoku\system\CodeIgniter.php(333): CodeIgniter\CodeIgniter->handleRequest(NULL, Object(Config\Cache), false)
#9 C:\xampp7\htdocs\popoku\index.php(44): CodeIgniter\CodeIgniter->run()
#10 {main}
CRITICAL - 2021-02-10 06:41:05 --> Call to undefined method CodeIgniter\Database\MySQLi\Result::result()
#0 C:\xampp7\htdocs\popoku\system\CodeIgniter.php(936): App\Controllers\Produk->save()
#1 C:\xampp7\htdocs\popoku\system\CodeIgniter.php(432): CodeIgniter\CodeIgniter->runController(Object(App\Controllers\Produk))
#2 C:\xampp7\htdocs\popoku\system\CodeIgniter.php(333): CodeIgniter\CodeIgniter->handleRequest(NULL, Object(Config\Cache), false)
#3 C:\xampp7\htdocs\popoku\index.php(44): CodeIgniter\CodeIgniter->run()
#4 {main}
ERROR - 2021-02-10 06:41:17 --> mysqli_sql_exception: You have an error in your SQL syntax; check the manual that corresponds to your MariaDB server version for the right syntax to use near '`a` (`id_kategori`, `nama_produk`, `harga`, `deskripsi_produk`, `stok_produk`...' at line 1 in C:\xampp7\htdocs\popoku\system\Database\MySQLi\Connection.php:314
Stack trace:
#0 C:\xampp7\htdocs\popoku\system\Database\MySQLi\Connection.php(314): mysqli->query('INSERT INTO `tb...')
#1 C:\xampp7\htdocs\popoku\system\Database\BaseConnection.php(713): CodeIgniter\Database\MySQLi\Connection->execute('INSERT INTO `tb...')
#2 C:\xampp7\htdocs\popoku\system\Database\BaseConnection.php(641): CodeIgniter\Database\BaseConnection->simpleQuery('INSERT INTO `tb...')
#3 C:\xampp7\htdocs\popoku\system\Database\BaseBuilder.php(2263): CodeIgniter\Database\BaseConnection->query('INSERT INTO `tb...', Array, false)
#4 C:\xampp7\htdocs\popoku\app\Models\Model_Produk.php(22): CodeIgniter\Database\BaseBuilder->insert(Array)
#5 C:\xampp7\htdocs\popoku\app\Controllers\Produk.php(60): App\Models\Model_produk->save_produk(Array)
#6 C:\xampp7\htdocs\popoku\system\CodeIgniter.php(936): App\Controllers\Produk->save()
#7 C:\xampp7\htdocs\popoku\system\CodeIgniter.php(432): CodeIgniter\CodeIgniter->runController(Object(App\Controllers\Produk))
#8 C:\xampp7\htdocs\popoku\system\CodeIgniter.php(333): CodeIgniter\CodeIgniter->handleRequest(NULL, Object(Config\Cache), false)
#9 C:\xampp7\htdocs\popoku\index.php(44): CodeIgniter\CodeIgniter->run()
#10 {main}
ERROR - 2021-02-10 06:41:31 --> mysqli_sql_exception: You have an error in your SQL syntax; check the manual that corresponds to your MariaDB server version for the right syntax to use near '`a` (`id_kategori`, `nama_produk`, `harga`, `deskripsi_produk`, `stok_produk`...' at line 1 in C:\xampp7\htdocs\popoku\system\Database\MySQLi\Connection.php:314
Stack trace:
#0 C:\xampp7\htdocs\popoku\system\Database\MySQLi\Connection.php(314): mysqli->query('INSERT INTO `tb...')
#1 C:\xampp7\htdocs\popoku\system\Database\BaseConnection.php(713): CodeIgniter\Database\MySQLi\Connection->execute('INSERT INTO `tb...')
#2 C:\xampp7\htdocs\popoku\system\Database\BaseConnection.php(641): CodeIgniter\Database\BaseConnection->simpleQuery('INSERT INTO `tb...')
#3 C:\xampp7\htdocs\popoku\system\Database\BaseBuilder.php(2263): CodeIgniter\Database\BaseConnection->query('INSERT INTO `tb...', Array, false)
#4 C:\xampp7\htdocs\popoku\app\Models\Model_Produk.php(22): CodeIgniter\Database\BaseBuilder->insert(Array)
#5 C:\xampp7\htdocs\popoku\app\Controllers\Produk.php(60): App\Models\Model_produk->save_produk(Array)
#6 C:\xampp7\htdocs\popoku\system\CodeIgniter.php(936): App\Controllers\Produk->save()
#7 C:\xampp7\htdocs\popoku\system\CodeIgniter.php(432): CodeIgniter\CodeIgniter->runController(Object(App\Controllers\Produk))
#8 C:\xampp7\htdocs\popoku\system\CodeIgniter.php(333): CodeIgniter\CodeIgniter->handleRequest(NULL, Object(Config\Cache), false)
#9 C:\xampp7\htdocs\popoku\index.php(44): CodeIgniter\CodeIgniter->run()
#10 {main}
ERROR - 2021-02-10 06:42:19 --> mysqli_sql_exception: You have an error in your SQL syntax; check the manual that corresponds to your MariaDB server version for the right syntax to use near 'as `a` (`id_kategori`, `nama_produk`, `harga`, `deskripsi_produk`, `stok_prod...' at line 1 in C:\xampp7\htdocs\popoku\system\Database\MySQLi\Connection.php:314
Stack trace:
#0 C:\xampp7\htdocs\popoku\system\Database\MySQLi\Connection.php(314): mysqli->query('INSERT INTO `tb...')
#1 C:\xampp7\htdocs\popoku\system\Database\BaseConnection.php(713): CodeIgniter\Database\MySQLi\Connection->execute('INSERT INTO `tb...')
#2 C:\xampp7\htdocs\popoku\system\Database\BaseConnection.php(641): CodeIgniter\Database\BaseConnection->simpleQuery('INSERT INTO `tb...')
#3 C:\xampp7\htdocs\popoku\system\Database\BaseBuilder.php(2263): CodeIgniter\Database\BaseConnection->query('INSERT INTO `tb...', Array, false)
#4 C:\xampp7\htdocs\popoku\app\Models\Model_Produk.php(22): CodeIgniter\Database\BaseBuilder->insert(Array)
#5 C:\xampp7\htdocs\popoku\app\Controllers\Produk.php(60): App\Models\Model_produk->save_produk(Array)
#6 C:\xampp7\htdocs\popoku\system\CodeIgniter.php(936): App\Controllers\Produk->save()
#7 C:\xampp7\htdocs\popoku\system\CodeIgniter.php(432): CodeIgniter\CodeIgniter->runController(Object(App\Controllers\Produk))
#8 C:\xampp7\htdocs\popoku\system\CodeIgniter.php(333): CodeIgniter\CodeIgniter->handleRequest(NULL, Object(Config\Cache), false)
#9 C:\xampp7\htdocs\popoku\index.php(44): CodeIgniter\CodeIgniter->run()
#10 {main}
ERROR - 2021-02-10 06:42:34 --> mysqli_sql_exception: You have an error in your SQL syntax; check the manual that corresponds to your MariaDB server version for the right syntax to use near '`a` (`id_kategori`, `nama_produk`, `harga`, `deskripsi_produk`, `stok_produk`...' at line 1 in C:\xampp7\htdocs\popoku\system\Database\MySQLi\Connection.php:314
Stack trace:
#0 C:\xampp7\htdocs\popoku\system\Database\MySQLi\Connection.php(314): mysqli->query('INSERT INTO `tb...')
#1 C:\xampp7\htdocs\popoku\system\Database\BaseConnection.php(713): CodeIgniter\Database\MySQLi\Connection->execute('INSERT INTO `tb...')
#2 C:\xampp7\htdocs\popoku\system\Database\BaseConnection.php(641): CodeIgniter\Database\BaseConnection->simpleQuery('INSERT INTO `tb...')
#3 C:\xampp7\htdocs\popoku\system\Database\BaseBuilder.php(2263): CodeIgniter\Database\BaseConnection->query('INSERT INTO `tb...', Array, false)
#4 C:\xampp7\htdocs\popoku\app\Models\Model_Produk.php(22): CodeIgniter\Database\BaseBuilder->insert(Array)
#5 C:\xampp7\htdocs\popoku\app\Controllers\Produk.php(60): App\Models\Model_produk->save_produk(Array)
#6 C:\xampp7\htdocs\popoku\system\CodeIgniter.php(936): App\Controllers\Produk->save()
#7 C:\xampp7\htdocs\popoku\system\CodeIgniter.php(432): CodeIgniter\CodeIgniter->runController(Object(App\Controllers\Produk))
#8 C:\xampp7\htdocs\popoku\system\CodeIgniter.php(333): CodeIgniter\CodeIgniter->handleRequest(NULL, Object(Config\Cache), false)
#9 C:\xampp7\htdocs\popoku\index.php(44): CodeIgniter\CodeIgniter->run()
#10 {main}
ERROR - 2021-02-10 07:06:45 --> mysqli_sql_exception: You have an error in your SQL syntax; check the manual that corresponds to your MariaDB server version for the right syntax to use near '`a` (`id_kategori`, `nama_produk`, `harga`, `deskripsi_produk`, `stok_produk`...' at line 1 in C:\xampp7\htdocs\popoku\system\Database\MySQLi\Connection.php:314
Stack trace:
#0 C:\xampp7\htdocs\popoku\system\Database\MySQLi\Connection.php(314): mysqli->query('INSERT INTO `tb...')
#1 C:\xampp7\htdocs\popoku\system\Database\BaseConnection.php(713): CodeIgniter\Database\MySQLi\Connection->execute('INSERT INTO `tb...')
#2 C:\xampp7\htdocs\popoku\system\Database\BaseConnection.php(641): CodeIgniter\Database\BaseConnection->simpleQuery('INSERT INTO `tb...')
#3 C:\xampp7\htdocs\popoku\system\Database\BaseBuilder.php(2263): CodeIgniter\Database\BaseConnection->query('INSERT INTO `tb...', Array, false)
#4 C:\xampp7\htdocs\popoku\app\Models\Model_Produk.php(22): CodeIgniter\Database\BaseBuilder->insert(Array)
#5 C:\xampp7\htdocs\popoku\app\Controllers\Produk.php(60): App\Models\Model_produk->save_produk(Array)
#6 C:\xampp7\htdocs\popoku\system\CodeIgniter.php(936): App\Controllers\Produk->save()
#7 C:\xampp7\htdocs\popoku\system\CodeIgniter.php(432): CodeIgniter\CodeIgniter->runController(Object(App\Controllers\Produk))
#8 C:\xampp7\htdocs\popoku\system\CodeIgniter.php(333): CodeIgniter\CodeIgniter->handleRequest(NULL, Object(Config\Cache), false)
#9 C:\xampp7\htdocs\popoku\index.php(44): CodeIgniter\CodeIgniter->run()
#10 {main}
CRITICAL - 2021-02-10 07:06:45 --> Call to undefined method CodeIgniter\Database\MySQLi\Result::error()
#0 C:\xampp7\htdocs\popoku\system\CodeIgniter.php(936): App\Controllers\Produk->save()
#1 C:\xampp7\htdocs\popoku\system\CodeIgniter.php(432): CodeIgniter\CodeIgniter->runController(Object(App\Controllers\Produk))
#2 C:\xampp7\htdocs\popoku\system\CodeIgniter.php(333): CodeIgniter\CodeIgniter->handleRequest(NULL, Object(Config\Cache), false)
#3 C:\xampp7\htdocs\popoku\index.php(44): CodeIgniter\CodeIgniter->run()
#4 {main}
ERROR - 2021-02-10 07:07:12 --> mysqli_sql_exception: You have an error in your SQL syntax; check the manual that corresponds to your MariaDB server version for the right syntax to use near '`a` (`id_kategori`, `nama_produk`, `harga`, `deskripsi_produk`, `stok_produk`...' at line 1 in C:\xampp7\htdocs\popoku\system\Database\MySQLi\Connection.php:314
Stack trace:
#0 C:\xampp7\htdocs\popoku\system\Database\MySQLi\Connection.php(314): mysqli->query('INSERT INTO `tb...')
#1 C:\xampp7\htdocs\popoku\system\Database\BaseConnection.php(713): CodeIgniter\Database\MySQLi\Connection->execute('INSERT INTO `tb...')
#2 C:\xampp7\htdocs\popoku\system\Database\BaseConnection.php(641): CodeIgniter\Database\BaseConnection->simpleQuery('INSERT INTO `tb...')
#3 C:\xampp7\htdocs\popoku\system\Database\BaseBuilder.php(2263): CodeIgniter\Database\BaseConnection->query('INSERT INTO `tb...', Array, false)
#4 C:\xampp7\htdocs\popoku\app\Models\Model_Produk.php(22): CodeIgniter\Database\BaseBuilder->insert(Array)
#5 C:\xampp7\htdocs\popoku\app\Controllers\Produk.php(60): App\Models\Model_produk->save_produk(Array)
#6 C:\xampp7\htdocs\popoku\system\CodeIgniter.php(936): App\Controllers\Produk->save()
#7 C:\xampp7\htdocs\popoku\system\CodeIgniter.php(432): CodeIgniter\CodeIgniter->runController(Object(App\Controllers\Produk))
#8 C:\xampp7\htdocs\popoku\system\CodeIgniter.php(333): CodeIgniter\CodeIgniter->handleRequest(NULL, Object(Config\Cache), false)
#9 C:\xampp7\htdocs\popoku\index.php(44): CodeIgniter\CodeIgniter->run()
#10 {main}
CRITICAL - 2021-02-10 07:07:12 --> Call to undefined method CodeIgniter\Database\MySQLi\Result::error()
#0 C:\xampp7\htdocs\popoku\system\CodeIgniter.php(936): App\Controllers\Produk->save()
#1 C:\xampp7\htdocs\popoku\system\CodeIgniter.php(432): CodeIgniter\CodeIgniter->runController(Object(App\Controllers\Produk))
#2 C:\xampp7\htdocs\popoku\system\CodeIgniter.php(333): CodeIgniter\CodeIgniter->handleRequest(NULL, Object(Config\Cache), false)
#3 C:\xampp7\htdocs\popoku\index.php(44): CodeIgniter\CodeIgniter->run()
#4 {main}
ERROR - 2021-02-10 07:08:37 --> mysqli_sql_exception: You have an error in your SQL syntax; check the manual that corresponds to your MariaDB server version for the right syntax to use near '`a` (`id_kategori`, `nama_produk`, `harga`, `deskripsi_produk`, `stok_produk`...' at line 1 in C:\xampp7\htdocs\popoku\system\Database\MySQLi\Connection.php:314
Stack trace:
#0 C:\xampp7\htdocs\popoku\system\Database\MySQLi\Connection.php(314): mysqli->query('INSERT INTO `tb...')
#1 C:\xampp7\htdocs\popoku\system\Database\BaseConnection.php(713): CodeIgniter\Database\MySQLi\Connection->execute('INSERT INTO `tb...')
#2 C:\xampp7\htdocs\popoku\system\Database\BaseConnection.php(641): CodeIgniter\Database\BaseConnection->simpleQuery('INSERT INTO `tb...')
#3 C:\xampp7\htdocs\popoku\system\Database\BaseBuilder.php(2263): CodeIgniter\Database\BaseConnection->query('INSERT INTO `tb...', Array, false)
#4 C:\xampp7\htdocs\popoku\app\Models\Model_Produk.php(22): CodeIgniter\Database\BaseBuilder->insert(Array)
#5 C:\xampp7\htdocs\popoku\app\Controllers\Produk.php(60): App\Models\Model_produk->save_produk(Array)
#6 C:\xampp7\htdocs\popoku\system\CodeIgniter.php(936): App\Controllers\Produk->save()
#7 C:\xampp7\htdocs\popoku\system\CodeIgniter.php(432): CodeIgniter\CodeIgniter->runController(Object(App\Controllers\Produk))
#8 C:\xampp7\htdocs\popoku\system\CodeIgniter.php(333): CodeIgniter\CodeIgniter->handleRequest(NULL, Object(Config\Cache), false)
#9 C:\xampp7\htdocs\popoku\index.php(44): CodeIgniter\CodeIgniter->run()
#10 {main}
ERROR - 2021-02-10 07:11:12 --> mysqli_sql_exception: You have an error in your SQL syntax; check the manual that corresponds to your MariaDB server version for the right syntax to use near '`a` (`id_kategori`, `nama_produk`, `harga`, `deskripsi_produk`, `stok_produk`...' at line 1 in C:\xampp7\htdocs\popoku\system\Database\MySQLi\Connection.php:314
Stack trace:
#0 C:\xampp7\htdocs\popoku\system\Database\MySQLi\Connection.php(314): mysqli->query('INSERT INTO `tb...')
#1 C:\xampp7\htdocs\popoku\system\Database\BaseConnection.php(713): CodeIgniter\Database\MySQLi\Connection->execute('INSERT INTO `tb...')
#2 C:\xampp7\htdocs\popoku\system\Database\BaseConnection.php(641): CodeIgniter\Database\BaseConnection->simpleQuery('INSERT INTO `tb...')
#3 C:\xampp7\htdocs\popoku\system\Database\BaseBuilder.php(2263): CodeIgniter\Database\BaseConnection->query('INSERT INTO `tb...', Array, false)
#4 C:\xampp7\htdocs\popoku\app\Models\Model_Produk.php(22): CodeIgniter\Database\BaseBuilder->insert(Array)
#5 C:\xampp7\htdocs\popoku\app\Controllers\Produk.php(60): App\Models\Model_produk->save_produk(Array)
#6 C:\xampp7\htdocs\popoku\system\CodeIgniter.php(936): App\Controllers\Produk->save()
#7 C:\xampp7\htdocs\popoku\system\CodeIgniter.php(432): CodeIgniter\CodeIgniter->runController(Object(App\Controllers\Produk))
#8 C:\xampp7\htdocs\popoku\system\CodeIgniter.php(333): CodeIgniter\CodeIgniter->handleRequest(NULL, Object(Config\Cache), false)
#9 C:\xampp7\htdocs\popoku\index.php(44): CodeIgniter\CodeIgniter->run()
#10 {main}
CRITICAL - 2021-02-10 07:11:12 --> Object of class CodeIgniter\Database\MySQLi\Result could not be converted to string
#0 C:\xampp7\htdocs\popoku\system\CodeIgniter.php(936): App\Controllers\Produk->save()
#1 C:\xampp7\htdocs\popoku\system\CodeIgniter.php(432): CodeIgniter\CodeIgniter->runController(Object(App\Controllers\Produk))
#2 C:\xampp7\htdocs\popoku\system\CodeIgniter.php(333): CodeIgniter\CodeIgniter->handleRequest(NULL, Object(Config\Cache), false)
#3 C:\xampp7\htdocs\popoku\index.php(44): CodeIgniter\CodeIgniter->run()
#4 {main}
ERROR - 2021-02-10 07:11:21 --> mysqli_sql_exception: You have an error in your SQL syntax; check the manual that corresponds to your MariaDB server version for the right syntax to use near '`a` (`id_kategori`, `nama_produk`, `harga`, `deskripsi_produk`, `stok_produk`...' at line 1 in C:\xampp7\htdocs\popoku\system\Database\MySQLi\Connection.php:314
Stack trace:
#0 C:\xampp7\htdocs\popoku\system\Database\MySQLi\Connection.php(314): mysqli->query('INSERT INTO `tb...')
#1 C:\xampp7\htdocs\popoku\system\Database\BaseConnection.php(713): CodeIgniter\Database\MySQLi\Connection->execute('INSERT INTO `tb...')
#2 C:\xampp7\htdocs\popoku\system\Database\BaseConnection.php(641): CodeIgniter\Database\BaseConnection->simpleQuery('INSERT INTO `tb...')
#3 C:\xampp7\htdocs\popoku\system\Database\BaseBuilder.php(2263): CodeIgniter\Database\BaseConnection->query('INSERT INTO `tb...', Array, false)
#4 C:\xampp7\htdocs\popoku\app\Models\Model_Produk.php(22): CodeIgniter\Database\BaseBuilder->insert(Array)
#5 C:\xampp7\htdocs\popoku\app\Controllers\Produk.php(60): App\Models\Model_produk->save_produk(Array)
#6 C:\xampp7\htdocs\popoku\system\CodeIgniter.php(936): App\Controllers\Produk->save()
#7 C:\xampp7\htdocs\popoku\system\CodeIgniter.php(432): CodeIgniter\CodeIgniter->runController(Object(App\Controllers\Produk))
#8 C:\xampp7\htdocs\popoku\system\CodeIgniter.php(333): CodeIgniter\CodeIgniter->handleRequest(NULL, Object(Config\Cache), false)
#9 C:\xampp7\htdocs\popoku\index.php(44): CodeIgniter\CodeIgniter->run()
#10 {main}
CRITICAL - 2021-02-10 07:11:21 --> Object of class CodeIgniter\Database\MySQLi\Result could not be converted to string
#0 C:\xampp7\htdocs\popoku\system\CodeIgniter.php(936): App\Controllers\Produk->save()
#1 C:\xampp7\htdocs\popoku\system\CodeIgniter.php(432): CodeIgniter\CodeIgniter->runController(Object(App\Controllers\Produk))
#2 C:\xampp7\htdocs\popoku\system\CodeIgniter.php(333): CodeIgniter\CodeIgniter->handleRequest(NULL, Object(Config\Cache), false)
#3 C:\xampp7\htdocs\popoku\index.php(44): CodeIgniter\CodeIgniter->run()
#4 {main}
ERROR - 2021-02-10 07:12:09 --> mysqli_sql_exception: You have an error in your SQL syntax; check the manual that corresponds to your MariaDB server version for the right syntax to use near '`a` (`id_kategori`, `nama_produk`, `harga`, `deskripsi_produk`, `stok_produk`...' at line 1 in C:\xampp7\htdocs\popoku\system\Database\MySQLi\Connection.php:314
Stack trace:
#0 C:\xampp7\htdocs\popoku\system\Database\MySQLi\Connection.php(314): mysqli->query('INSERT INTO `tb...')
#1 C:\xampp7\htdocs\popoku\system\Database\BaseConnection.php(713): CodeIgniter\Database\MySQLi\Connection->execute('INSERT INTO `tb...')
#2 C:\xampp7\htdocs\popoku\system\Database\BaseConnection.php(641): CodeIgniter\Database\BaseConnection->simpleQuery('INSERT INTO `tb...')
#3 C:\xampp7\htdocs\popoku\system\Database\BaseBuilder.php(2263): CodeIgniter\Database\BaseConnection->query('INSERT INTO `tb...', Array, false)
#4 C:\xampp7\htdocs\popoku\app\Models\Model_Produk.php(22): CodeIgniter\Database\BaseBuilder->insert(Array)
#5 C:\xampp7\htdocs\popoku\app\Controllers\Produk.php(60): App\Models\Model_produk->save_produk(Array)
#6 C:\xampp7\htdocs\popoku\system\CodeIgniter.php(936): App\Controllers\Produk->save()
#7 C:\xampp7\htdocs\popoku\system\CodeIgniter.php(432): CodeIgniter\CodeIgniter->runController(Object(App\Controllers\Produk))
#8 C:\xampp7\htdocs\popoku\system\CodeIgniter.php(333): CodeIgniter\CodeIgniter->handleRequest(NULL, Object(Config\Cache), false)
#9 C:\xampp7\htdocs\popoku\index.php(44): CodeIgniter\CodeIgniter->run()
#10 {main}
CRITICAL - 2021-02-10 07:12:09 --> Call to undefined method CodeIgniter\Database\MySQLi\Result::getLastQuery()
#0 C:\xampp7\htdocs\popoku\system\CodeIgniter.php(936): App\Controllers\Produk->save()
#1 C:\xampp7\htdocs\popoku\system\CodeIgniter.php(432): CodeIgniter\CodeIgniter->runController(Object(App\Controllers\Produk))
#2 C:\xampp7\htdocs\popoku\system\CodeIgniter.php(333): CodeIgniter\CodeIgniter->handleRequest(NULL, Object(Config\Cache), false)
#3 C:\xampp7\htdocs\popoku\index.php(44): CodeIgniter\CodeIgniter->run()
#4 {main}
ERROR - 2021-02-10 07:12:31 --> mysqli_sql_exception: You have an error in your SQL syntax; check the manual that corresponds to your MariaDB server version for the right syntax to use near '`a` (`id_kategori`, `nama_produk`, `harga`, `deskripsi_produk`, `stok_produk`...' at line 1 in C:\xampp7\htdocs\popoku\system\Database\MySQLi\Connection.php:314
Stack trace:
#0 C:\xampp7\htdocs\popoku\system\Database\MySQLi\Connection.php(314): mysqli->query('INSERT INTO `tb...')
#1 C:\xampp7\htdocs\popoku\system\Database\BaseConnection.php(713): CodeIgniter\Database\MySQLi\Connection->execute('INSERT INTO `tb...')
#2 C:\xampp7\htdocs\popoku\system\Database\BaseConnection.php(641): CodeIgniter\Database\BaseConnection->simpleQuery('INSERT INTO `tb...')
#3 C:\xampp7\htdocs\popoku\system\Database\BaseBuilder.php(2263): CodeIgniter\Database\BaseConnection->query('INSERT INTO `tb...', Array, false)
#4 C:\xampp7\htdocs\popoku\app\Models\Model_Produk.php(22): CodeIgniter\Database\BaseBuilder->insert(Array)
#5 C:\xampp7\htdocs\popoku\app\Controllers\Produk.php(60): App\Models\Model_produk->save_produk(Array)
#6 C:\xampp7\htdocs\popoku\system\CodeIgniter.php(936): App\Controllers\Produk->save()
#7 C:\xampp7\htdocs\popoku\system\CodeIgniter.php(432): CodeIgniter\CodeIgniter->runController(Object(App\Controllers\Produk))
#8 C:\xampp7\htdocs\popoku\system\CodeIgniter.php(333): CodeIgniter\CodeIgniter->handleRequest(NULL, Object(Config\Cache), false)
#9 C:\xampp7\htdocs\popoku\index.php(44): CodeIgniter\CodeIgniter->run()
#10 {main}
CRITICAL - 2021-02-10 07:12:31 --> Call to undefined method CodeIgniter\Database\MySQLi\Result::getCompiledSelect()
#0 C:\xampp7\htdocs\popoku\system\CodeIgniter.php(936): App\Controllers\Produk->save()
#1 C:\xampp7\htdocs\popoku\system\CodeIgniter.php(432): CodeIgniter\CodeIgniter->runController(Object(App\Controllers\Produk))
#2 C:\xampp7\htdocs\popoku\system\CodeIgniter.php(333): CodeIgniter\CodeIgniter->handleRequest(NULL, Object(Config\Cache), false)
#3 C:\xampp7\htdocs\popoku\index.php(44): CodeIgniter\CodeIgniter->run()
#4 {main}
CRITICAL - 2021-02-10 07:12:42 --> syntax error, unexpected '$save' (T_VARIABLE)
#0 C:\xampp7\htdocs\popoku\system\Router\Router.php(170): CodeIgniter\Router\Router->autoRoute('produk/save')
#1 C:\xampp7\htdocs\popoku\system\CodeIgniter.php(816): CodeIgniter\Router\Router->handle('produk/save')
#2 C:\xampp7\htdocs\popoku\system\CodeIgniter.php(385): CodeIgniter\CodeIgniter->tryToRouteIt(Object(CodeIgniter\Router\RouteCollection))
#3 C:\xampp7\htdocs\popoku\system\CodeIgniter.php(333): CodeIgniter\CodeIgniter->handleRequest(NULL, Object(Config\Cache), false)
#4 C:\xampp7\htdocs\popoku\index.php(44): CodeIgniter\CodeIgniter->run()
#5 {main}
ERROR - 2021-02-10 07:12:51 --> mysqli_sql_exception: You have an error in your SQL syntax; check the manual that corresponds to your MariaDB server version for the right syntax to use near '`a` (`id_kategori`, `nama_produk`, `harga`, `deskripsi_produk`, `stok_produk`...' at line 1 in C:\xampp7\htdocs\popoku\system\Database\MySQLi\Connection.php:314
Stack trace:
#0 C:\xampp7\htdocs\popoku\system\Database\MySQLi\Connection.php(314): mysqli->query('INSERT INTO `tb...')
#1 C:\xampp7\htdocs\popoku\system\Database\BaseConnection.php(713): CodeIgniter\Database\MySQLi\Connection->execute('INSERT INTO `tb...')
#2 C:\xampp7\htdocs\popoku\system\Database\BaseConnection.php(641): CodeIgniter\Database\BaseConnection->simpleQuery('INSERT INTO `tb...')
#3 C:\xampp7\htdocs\popoku\system\Database\BaseBuilder.php(2263): CodeIgniter\Database\BaseConnection->query('INSERT INTO `tb...', Array, false)
#4 C:\xampp7\htdocs\popoku\app\Models\Model_Produk.php(22): CodeIgniter\Database\BaseBuilder->insert(Array)
#5 C:\xampp7\htdocs\popoku\app\Controllers\Produk.php(60): App\Models\Model_produk->save_produk(Array)
#6 C:\xampp7\htdocs\popoku\system\CodeIgniter.php(936): App\Controllers\Produk->save()
#7 C:\xampp7\htdocs\popoku\system\CodeIgniter.php(432): CodeIgniter\CodeIgniter->runController(Object(App\Controllers\Produk))
#8 C:\xampp7\htdocs\popoku\system\CodeIgniter.php(333): CodeIgniter\CodeIgniter->handleRequest(NULL, Object(Config\Cache), false)
#9 C:\xampp7\htdocs\popoku\index.php(44): CodeIgniter\CodeIgniter->run()
#10 {main}
CRITICAL - 2021-02-10 07:12:51 --> Call to undefined method CodeIgniter\Database\MySQLi\Result::getCompiledSelect()
#0 C:\xampp7\htdocs\popoku\system\CodeIgniter.php(936): App\Controllers\Produk->save()
#1 C:\xampp7\htdocs\popoku\system\CodeIgniter.php(432): CodeIgniter\CodeIgniter->runController(Object(App\Controllers\Produk))
#2 C:\xampp7\htdocs\popoku\system\CodeIgniter.php(333): CodeIgniter\CodeIgniter->handleRequest(NULL, Object(Config\Cache), false)
#3 C:\xampp7\htdocs\popoku\index.php(44): CodeIgniter\CodeIgniter->run()
#4 {main}
ERROR - 2021-02-10 07:13:17 --> mysqli_sql_exception: You have an error in your SQL syntax; check the manual that corresponds to your MariaDB server version for the right syntax to use near '`a` (`id_kategori`, `nama_produk`, `harga`, `deskripsi_produk`, `stok_produk`...' at line 1 in C:\xampp7\htdocs\popoku\system\Database\MySQLi\Connection.php:314
Stack trace:
#0 C:\xampp7\htdocs\popoku\system\Database\MySQLi\Connection.php(314): mysqli->query('INSERT INTO `tb...')
#1 C:\xampp7\htdocs\popoku\system\Database\BaseConnection.php(713): CodeIgniter\Database\MySQLi\Connection->execute('INSERT INTO `tb...')
#2 C:\xampp7\htdocs\popoku\system\Database\BaseConnection.php(641): CodeIgniter\Database\BaseConnection->simpleQuery('INSERT INTO `tb...')
#3 C:\xampp7\htdocs\popoku\system\Database\BaseBuilder.php(2263): CodeIgniter\Database\BaseConnection->query('INSERT INTO `tb...', Array, false)
#4 C:\xampp7\htdocs\popoku\app\Models\Model_Produk.php(22): CodeIgniter\Database\BaseBuilder->insert(Array)
#5 C:\xampp7\htdocs\popoku\app\Controllers\Produk.php(60): App\Models\Model_produk->save_produk(Array)
#6 C:\xampp7\htdocs\popoku\system\CodeIgniter.php(936): App\Controllers\Produk->save()
#7 C:\xampp7\htdocs\popoku\system\CodeIgniter.php(432): CodeIgniter\CodeIgniter->runController(Object(App\Controllers\Produk))
#8 C:\xampp7\htdocs\popoku\system\CodeIgniter.php(333): CodeIgniter\CodeIgniter->handleRequest(NULL, Object(Config\Cache), false)
#9 C:\xampp7\htdocs\popoku\index.php(44): CodeIgniter\CodeIgniter->run()
#10 {main}
CRITICAL - 2021-02-10 07:13:17 --> Call to undefined method CodeIgniter\Database\MySQLi\Result::error()
#0 C:\xampp7\htdocs\popoku\system\CodeIgniter.php(936): App\Controllers\Produk->save()
#1 C:\xampp7\htdocs\popoku\system\CodeIgniter.php(432): CodeIgniter\CodeIgniter->runController(Object(App\Controllers\Produk))
#2 C:\xampp7\htdocs\popoku\system\CodeIgniter.php(333): CodeIgniter\CodeIgniter->handleRequest(NULL, Object(Config\Cache), false)
#3 C:\xampp7\htdocs\popoku\index.php(44): CodeIgniter\CodeIgniter->run()
#4 {main}
ERROR - 2021-02-10 07:13:30 --> mysqli_sql_exception: You have an error in your SQL syntax; check the manual that corresponds to your MariaDB server version for the right syntax to use near '`a` (`id_kategori`, `nama_produk`, `harga`, `deskripsi_produk`, `stok_produk`...' at line 1 in C:\xampp7\htdocs\popoku\system\Database\MySQLi\Connection.php:314
Stack trace:
#0 C:\xampp7\htdocs\popoku\system\Database\MySQLi\Connection.php(314): mysqli->query('INSERT INTO `tb...')
#1 C:\xampp7\htdocs\popoku\system\Database\BaseConnection.php(713): CodeIgniter\Database\MySQLi\Connection->execute('INSERT INTO `tb...')
#2 C:\xampp7\htdocs\popoku\system\Database\BaseConnection.php(641): CodeIgniter\Database\BaseConnection->simpleQuery('INSERT INTO `tb...')
#3 C:\xampp7\htdocs\popoku\system\Database\BaseBuilder.php(2263): CodeIgniter\Database\BaseConnection->query('INSERT INTO `tb...', Array, false)
#4 C:\xampp7\htdocs\popoku\app\Models\Model_Produk.php(22): CodeIgniter\Database\BaseBuilder->insert(Array)
#5 C:\xampp7\htdocs\popoku\app\Controllers\Produk.php(60): App\Models\Model_produk->save_produk(Array)
#6 C:\xampp7\htdocs\popoku\system\CodeIgniter.php(936): App\Controllers\Produk->save()
#7 C:\xampp7\htdocs\popoku\system\CodeIgniter.php(432): CodeIgniter\CodeIgniter->runController(Object(App\Controllers\Produk))
#8 C:\xampp7\htdocs\popoku\system\CodeIgniter.php(333): CodeIgniter\CodeIgniter->handleRequest(NULL, Object(Config\Cache), false)
#9 C:\xampp7\htdocs\popoku\index.php(44): CodeIgniter\CodeIgniter->run()
#10 {main}
CRITICAL - 2021-02-10 07:13:30 --> Call to undefined method CodeIgniter\Database\MySQLi\Result::getLastQuery()
#0 C:\xampp7\htdocs\popoku\system\CodeIgniter.php(936): App\Controllers\Produk->save()
#1 C:\xampp7\htdocs\popoku\system\CodeIgniter.php(432): CodeIgniter\CodeIgniter->runController(Object(App\Controllers\Produk))
#2 C:\xampp7\htdocs\popoku\system\CodeIgniter.php(333): CodeIgniter\CodeIgniter->handleRequest(NULL, Object(Config\Cache), false)
#3 C:\xampp7\htdocs\popoku\index.php(44): CodeIgniter\CodeIgniter->run()
#4 {main}
ERROR - 2021-02-10 07:14:19 --> mysqli_sql_exception: You have an error in your SQL syntax; check the manual that corresponds to your MariaDB server version for the right syntax to use near '`a` (`id_kategori`, `nama_produk`, `harga`, `deskripsi_produk`, `stok_produk`...' at line 1 in C:\xampp7\htdocs\popoku\system\Database\MySQLi\Connection.php:314
Stack trace:
#0 C:\xampp7\htdocs\popoku\system\Database\MySQLi\Connection.php(314): mysqli->query('INSERT INTO `tb...')
#1 C:\xampp7\htdocs\popoku\system\Database\BaseConnection.php(713): CodeIgniter\Database\MySQLi\Connection->execute('INSERT INTO `tb...')
#2 C:\xampp7\htdocs\popoku\system\Database\BaseConnection.php(641): CodeIgniter\Database\BaseConnection->simpleQuery('INSERT INTO `tb...')
#3 C:\xampp7\htdocs\popoku\system\Database\BaseBuilder.php(2263): CodeIgniter\Database\BaseConnection->query('INSERT INTO `tb...', Array, false)
#4 C:\xampp7\htdocs\popoku\app\Models\Model_Produk.php(22): CodeIgniter\Database\BaseBuilder->insert(Array)
#5 C:\xampp7\htdocs\popoku\app\Controllers\Produk.php(60): App\Models\Model_produk->save_produk(Array)
#6 C:\xampp7\htdocs\popoku\system\CodeIgniter.php(936): App\Controllers\Produk->save()
#7 C:\xampp7\htdocs\popoku\system\CodeIgniter.php(432): CodeIgniter\CodeIgniter->runController(Object(App\Controllers\Produk))
#8 C:\xampp7\htdocs\popoku\system\CodeIgniter.php(333): CodeIgniter\CodeIgniter->handleRequest(NULL, Object(Config\Cache), false)
#9 C:\xampp7\htdocs\popoku\index.php(44): CodeIgniter\CodeIgniter->run()
#10 {main}
CRITICAL - 2021-02-10 07:14:19 --> Call to undefined method CodeIgniter\Database\MySQLi\Result::getLastQuery()
#0 C:\xampp7\htdocs\popoku\system\CodeIgniter.php(936): App\Controllers\Produk->save()
#1 C:\xampp7\htdocs\popoku\system\CodeIgniter.php(432): CodeIgniter\CodeIgniter->runController(Object(App\Controllers\Produk))
#2 C:\xampp7\htdocs\popoku\system\CodeIgniter.php(333): CodeIgniter\CodeIgniter->handleRequest(NULL, Object(Config\Cache), false)
#3 C:\xampp7\htdocs\popoku\index.php(44): CodeIgniter\CodeIgniter->run()
#4 {main}
ERROR - 2021-02-10 07:14:32 --> mysqli_sql_exception: You have an error in your SQL syntax; check the manual that corresponds to your MariaDB server version for the right syntax to use near '`a` (`id_kategori`, `nama_produk`, `harga`, `deskripsi_produk`, `stok_produk`...' at line 1 in C:\xampp7\htdocs\popoku\system\Database\MySQLi\Connection.php:314
Stack trace:
#0 C:\xampp7\htdocs\popoku\system\Database\MySQLi\Connection.php(314): mysqli->query('INSERT INTO `tb...')
#1 C:\xampp7\htdocs\popoku\system\Database\BaseConnection.php(713): CodeIgniter\Database\MySQLi\Connection->execute('INSERT INTO `tb...')
#2 C:\xampp7\htdocs\popoku\system\Database\BaseConnection.php(641): CodeIgniter\Database\BaseConnection->simpleQuery('INSERT INTO `tb...')
#3 C:\xampp7\htdocs\popoku\system\Database\BaseBuilder.php(2263): CodeIgniter\Database\BaseConnection->query('INSERT INTO `tb...', Array, false)
#4 C:\xampp7\htdocs\popoku\app\Models\Model_Produk.php(22): CodeIgniter\Database\BaseBuilder->insert(Array)
#5 C:\xampp7\htdocs\popoku\app\Controllers\Produk.php(60): App\Models\Model_produk->save_produk(Array)
#6 C:\xampp7\htdocs\popoku\system\CodeIgniter.php(936): App\Controllers\Produk->save()
#7 C:\xampp7\htdocs\popoku\system\CodeIgniter.php(432): CodeIgniter\CodeIgniter->runController(Object(App\Controllers\Produk))
#8 C:\xampp7\htdocs\popoku\system\CodeIgniter.php(333): CodeIgniter\CodeIgniter->handleRequest(NULL, Object(Config\Cache), false)
#9 C:\xampp7\htdocs\popoku\index.php(44): CodeIgniter\CodeIgniter->run()
#10 {main}
CRITICAL - 2021-02-10 07:14:32 --> Call to undefined method CodeIgniter\Database\MySQLi\Result::getLastQuery()
#0 C:\xampp7\htdocs\popoku\system\CodeIgniter.php(936): App\Controllers\Produk->save()
#1 C:\xampp7\htdocs\popoku\system\CodeIgniter.php(432): CodeIgniter\CodeIgniter->runController(Object(App\Controllers\Produk))
#2 C:\xampp7\htdocs\popoku\system\CodeIgniter.php(333): CodeIgniter\CodeIgniter->handleRequest(NULL, Object(Config\Cache), false)
#3 C:\xampp7\htdocs\popoku\index.php(44): CodeIgniter\CodeIgniter->run()
#4 {main}
ERROR - 2021-02-10 07:15:06 --> mysqli_sql_exception: You have an error in your SQL syntax; check the manual that corresponds to your MariaDB server version for the right syntax to use near '`a` (`id_kategori`, `nama_produk`, `harga`, `deskripsi_produk`, `stok_produk`...' at line 1 in C:\xampp7\htdocs\popoku\system\Database\MySQLi\Connection.php:314
Stack trace:
#0 C:\xampp7\htdocs\popoku\system\Database\MySQLi\Connection.php(314): mysqli->query('INSERT INTO `tb...')
#1 C:\xampp7\htdocs\popoku\system\Database\BaseConnection.php(713): CodeIgniter\Database\MySQLi\Connection->execute('INSERT INTO `tb...')
#2 C:\xampp7\htdocs\popoku\system\Database\BaseConnection.php(641): CodeIgniter\Database\BaseConnection->simpleQuery('INSERT INTO `tb...')
#3 C:\xampp7\htdocs\popoku\system\Database\BaseBuilder.php(2263): CodeIgniter\Database\BaseConnection->query('INSERT INTO `tb...', Array, false)
#4 C:\xampp7\htdocs\popoku\app\Models\Model_Produk.php(22): CodeIgniter\Database\BaseBuilder->insert(Array)
#5 C:\xampp7\htdocs\popoku\app\Controllers\Produk.php(60): App\Models\Model_produk->save_produk(Array)
#6 C:\xampp7\htdocs\popoku\system\CodeIgniter.php(936): App\Controllers\Produk->save()
#7 C:\xampp7\htdocs\popoku\system\CodeIgniter.php(432): CodeIgniter\CodeIgniter->runController(Object(App\Controllers\Produk))
#8 C:\xampp7\htdocs\popoku\system\CodeIgniter.php(333): CodeIgniter\CodeIgniter->handleRequest(NULL, Object(Config\Cache), false)
#9 C:\xampp7\htdocs\popoku\index.php(44): CodeIgniter\CodeIgniter->run()
#10 {main}
ERROR - 2021-02-10 07:17:04 --> mysqli_sql_exception: You have an error in your SQL syntax; check the manual that corresponds to your MariaDB server version for the right syntax to use near '`a` (`id_kategori`, `nama_produk`, `harga`, `deskripsi_produk`, `stok_produk`...' at line 1 in C:\xampp7\htdocs\popoku\system\Database\MySQLi\Connection.php:314
Stack trace:
#0 C:\xampp7\htdocs\popoku\system\Database\MySQLi\Connection.php(314): mysqli->query('INSERT INTO `tb...')
#1 C:\xampp7\htdocs\popoku\system\Database\BaseConnection.php(713): CodeIgniter\Database\MySQLi\Connection->execute('INSERT INTO `tb...')
#2 C:\xampp7\htdocs\popoku\system\Database\BaseConnection.php(641): CodeIgniter\Database\BaseConnection->simpleQuery('INSERT INTO `tb...')
#3 C:\xampp7\htdocs\popoku\system\Database\BaseBuilder.php(2263): CodeIgniter\Database\BaseConnection->query('INSERT INTO `tb...', Array, false)
#4 C:\xampp7\htdocs\popoku\app\Models\Model_Produk.php(22): CodeIgniter\Database\BaseBuilder->insert(Array)
#5 C:\xampp7\htdocs\popoku\app\Controllers\Produk.php(60): App\Models\Model_produk->save_produk(Array)
#6 C:\xampp7\htdocs\popoku\system\CodeIgniter.php(936): App\Controllers\Produk->save()
#7 C:\xampp7\htdocs\popoku\system\CodeIgniter.php(432): CodeIgniter\CodeIgniter->runController(Object(App\Controllers\Produk))
#8 C:\xampp7\htdocs\popoku\system\CodeIgniter.php(333): CodeIgniter\CodeIgniter->handleRequest(NULL, Object(Config\Cache), false)
#9 C:\xampp7\htdocs\popoku\index.php(44): CodeIgniter\CodeIgniter->run()
#10 {main}
ERROR - 2021-02-10 07:17:34 --> mysqli_sql_exception: You have an error in your SQL syntax; check the manual that corresponds to your MariaDB server version for the right syntax to use near '`a` (`id_kategori`, `nama_produk`, `harga`, `deskripsi_produk`, `stok_produk`...' at line 1 in C:\xampp7\htdocs\popoku\system\Database\MySQLi\Connection.php:314
Stack trace:
#0 C:\xampp7\htdocs\popoku\system\Database\MySQLi\Connection.php(314): mysqli->query('INSERT INTO `tb...')
#1 C:\xampp7\htdocs\popoku\system\Database\BaseConnection.php(713): CodeIgniter\Database\MySQLi\Connection->execute('INSERT INTO `tb...')
#2 C:\xampp7\htdocs\popoku\system\Database\BaseConnection.php(641): CodeIgniter\Database\BaseConnection->simpleQuery('INSERT INTO `tb...')
#3 C:\xampp7\htdocs\popoku\system\Database\BaseBuilder.php(2263): CodeIgniter\Database\BaseConnection->query('INSERT INTO `tb...', Array, false)
#4 C:\xampp7\htdocs\popoku\app\Models\Model_Produk.php(22): CodeIgniter\Database\BaseBuilder->insert(Array)
#5 C:\xampp7\htdocs\popoku\app\Controllers\Produk.php(60): App\Models\Model_produk->save_produk(Array)
#6 C:\xampp7\htdocs\popoku\system\CodeIgniter.php(936): App\Controllers\Produk->save()
#7 C:\xampp7\htdocs\popoku\system\CodeIgniter.php(432): CodeIgniter\CodeIgniter->runController(Object(App\Controllers\Produk))
#8 C:\xampp7\htdocs\popoku\system\CodeIgniter.php(333): CodeIgniter\CodeIgniter->handleRequest(NULL, Object(Config\Cache), false)
#9 C:\xampp7\htdocs\popoku\index.php(44): CodeIgniter\CodeIgniter->run()
#10 {main}
ERROR - 2021-02-10 07:17:41 --> mysqli_sql_exception: You have an error in your SQL syntax; check the manual that corresponds to your MariaDB server version for the right syntax to use near '`a` (`id_kategori`, `nama_produk`, `harga`, `deskripsi_produk`, `stok_produk`...' at line 1 in C:\xampp7\htdocs\popoku\system\Database\MySQLi\Connection.php:314
Stack trace:
#0 C:\xampp7\htdocs\popoku\system\Database\MySQLi\Connection.php(314): mysqli->query('INSERT INTO `tb...')
#1 C:\xampp7\htdocs\popoku\system\Database\BaseConnection.php(713): CodeIgniter\Database\MySQLi\Connection->execute('INSERT INTO `tb...')
#2 C:\xampp7\htdocs\popoku\system\Database\BaseConnection.php(641): CodeIgniter\Database\BaseConnection->simpleQuery('INSERT INTO `tb...')
#3 C:\xampp7\htdocs\popoku\system\Database\BaseBuilder.php(2263): CodeIgniter\Database\BaseConnection->query('INSERT INTO `tb...', Array, false)
#4 C:\xampp7\htdocs\popoku\app\Models\Model_Produk.php(22): CodeIgniter\Database\BaseBuilder->insert(Array)
#5 C:\xampp7\htdocs\popoku\app\Controllers\Produk.php(60): App\Models\Model_produk->save_produk(Array)
#6 C:\xampp7\htdocs\popoku\system\CodeIgniter.php(936): App\Controllers\Produk->save()
#7 C:\xampp7\htdocs\popoku\system\CodeIgniter.php(432): CodeIgniter\CodeIgniter->runController(Object(App\Controllers\Produk))
#8 C:\xampp7\htdocs\popoku\system\CodeIgniter.php(333): CodeIgniter\CodeIgniter->handleRequest(NULL, Object(Config\Cache), false)
#9 C:\xampp7\htdocs\popoku\index.php(44): CodeIgniter\CodeIgniter->run()
#10 {main}
